Using pre-set license
Built from '2022.3/china_unity/release' branch; Version is '2022.3.42f1c1 (d3f79ae33604) revision 13891482'; Using compiler version '192829333'; Build Type 'Release'
OS: 'Windows 11  (10.0.26100) 64bit CoreCountrySpecific' Language: 'zh' Physical Memory: 32397 MB
BatchMode: 1, IsHumanControllingUs: 0, StartBugReporterOnCrash: 0, Is64bit: 1, IsPro: 1

COMMAND LINE ARGUMENTS:
C:\Program Files\Unity\Hub\Editor\2022.3.42f1c1\Editor\Unity.exe
-adb2
-batchMode
-noUpm
-name
AssetImportWorker3
-projectPath
D:/UnityProjects/Snake Git
-logFile
Logs/AssetImportWorker3.log
-srvPort
60986
Successfully changed project path to: D:/UnityProjects/Snake Git
D:/UnityProjects/Snake Git
[UnityMemory] Configuration Parameters - Can be set up in boot.config
    "memorysetup-bucket-allocator-granularity=16"
    "memorysetup-bucket-allocator-bucket-count=8"
    "memorysetup-bucket-allocator-block-size=33554432"
    "memorysetup-bucket-allocator-block-count=8"
    "memorysetup-main-allocator-block-size=16777216"
    "memorysetup-thread-allocator-block-size=16777216"
    "memorysetup-gfx-main-allocator-block-size=16777216"
    "memorysetup-gfx-thread-allocator-block-size=16777216"
    "memorysetup-cache-allocator-block-size=4194304"
    "memorysetup-typetree-allocator-block-size=2097152"
    "memorysetup-profiler-bucket-allocator-granularity=16"
    "memorysetup-profiler-bucket-allocator-bucket-count=8"
    "memorysetup-profiler-bucket-allocator-block-size=33554432"
    "memorysetup-profiler-bucket-allocator-block-count=8"
    "memorysetup-profiler-allocator-block-size=16777216"
    "memorysetup-profiler-editor-allocator-block-size=1048576"
    "memorysetup-temp-allocator-size-main=16777216"
    "memorysetup-job-temp-allocator-block-size=2097152"
    "memorysetup-job-temp-allocator-block-size-background=1048576"
    "memorysetup-job-temp-allocator-reduction-small-platforms=262144"
    "memorysetup-allocator-temp-initial-block-size-main=262144"
    "memorysetup-allocator-temp-initial-block-size-worker=262144"
    "memorysetup-temp-allocator-size-background-worker=32768"
    "memorysetup-temp-allocator-size-job-worker=262144"
    "memorysetup-temp-allocator-size-preload-manager=33554432"
    "memorysetup-temp-allocator-size-nav-mesh-worker=65536"
    "memorysetup-temp-allocator-size-audio-worker=65536"
    "memorysetup-temp-allocator-size-cloud-worker=32768"
    "memorysetup-temp-allocator-size-gi-baking-worker=262144"
    "memorysetup-temp-allocator-size-gfx=262144"
Player connection [36964]  Target information:

Player connection [36964]  * "[IP] 192.168.55.58 [Port] 0 [Flags] 2 [Guid] 2209864856 [EditorId] 2209864856 [Version] 1048832 [Id] WindowsEditor(7,幻X2023) [Debug] 1 [PackageName] WindowsEditor [ProjectName] Editor" 

Player connection [36964] Host joined multi-casting on [225.0.0.222:54997]...
Player connection [36964] Host joined alternative multi-casting on [225.0.0.222:34997]...
[PhysX] Initialized MultithreadedTaskDispatcher with 20 workers.
Refreshing native plugins compatible for Editor in 71.42 ms, found 12 plugins.
Preloading 1 native plugins for Editor in 0.92 ms.
Initialize engine version: 2022.3.42f1c1 (d3f79ae33604)
[Subsystems] Discovering subsystems at path C:/Program Files/Unity/Hub/Editor/2022.3.42f1c1/Editor/Data/Resources/UnitySubsystems
[Subsystems] Discovering subsystems at path D:/UnityProjects/Snake Git/Assets
GfxDevice: creating device client; threaded=0; jobified=0
Direct3D:
    Version:  Direct3D 11.0 [level 11.1]
    Renderer: NVIDIA GeForce RTX 4060 Laptop GPU (ID=0x28e0)
    Vendor:   NVIDIA
    VRAM:     7957 MB
    Driver:   32.0.15.8115
Initialize mono
Mono path[0] = 'C:/Program Files/Unity/Hub/Editor/2022.3.42f1c1/Editor/Data/Managed'
Mono path[1] = 'C:/Program Files/Unity/Hub/Editor/2022.3.42f1c1/Editor/Data/MonoBleedingEdge/lib/mono/unityjit-win32'
Mono config path = 'C:/Program Files/Unity/Hub/Editor/2022.3.42f1c1/Editor/Data/MonoBleedingEdge/etc'
Using monoOptions --debugger-agent=transport=dt_socket,embedding=1,server=y,suspend=n,address=127.0.0.1:56960
Begin MonoManager ReloadAssembly
Registering precompiled unity dll's ...
Register platform support module: C:/Program Files/Unity/Hub/Editor/2022.3.42f1c1/Editor/Data/PlaybackEngines/AndroidPlayer/UnityEditor.Android.Extensions.dll
Register platform support module: C:/Program Files/Unity/Hub/Editor/2022.3.42f1c1/Editor/Data/PlaybackEngines/WindowsStandaloneSupport/UnityEditor.WindowsStandalone.Extensions.dll
Registered in 0.032036 seconds.
- Loaded All Assemblies, in  0.627 seconds
Native extension for WindowsStandalone target not found
Native extension for Android target not found
Android Extension - Scanning For ADB Devices 462 ms
Mono: successfully reloaded assembly
- Finished resetting the current domain, in  0.816 seconds
Domain Reload Profiling: 1429ms
	BeginReloadAssembly (249ms)
		ExecutionOrderSort (0ms)
		DisableScriptedObjects (0ms)
		BackupInstance (0ms)
		ReleaseScriptingObjects (0ms)
		CreateAndSetChildDomain (1ms)
	RebuildCommonClasses (39ms)
	RebuildNativeTypeToScriptingClass (18ms)
	initialDomainReloadingComplete (121ms)
	LoadAllAssembliesAndSetupDomain (186ms)
		LoadAssemblies (236ms)
		RebuildTransferFunctionScriptingTraits (0ms)
		AnalyzeDomain (183ms)
			TypeCache.Refresh (181ms)
				TypeCache.ScanAssembly (166ms)
			ScanForSourceGeneratedMonoScriptInfo (0ms)
			ResolveRequiredComponents (1ms)
	FinalizeReload (816ms)
		ReleaseScriptCaches (0ms)
		RebuildScriptCaches (0ms)
		SetupLoadedEditorAssemblies (769ms)
			LogAssemblyErrors (0ms)
			InitializePlatformSupportModulesInManaged (600ms)
			SetLoadedEditorAssemblies (4ms)
			RefreshPlugins (0ms)
			BeforeProcessingInitializeOnLoad (2ms)
			ProcessInitializeOnLoadAttributes (116ms)
			ProcessInitializeOnLoadMethodAttributes (48ms)
			AfterProcessingInitializeOnLoad (0ms)
			EditorAssembliesLoaded (0ms)
		ExecutionOrderSort2 (0ms)
		AwakeInstancesAfterBackupRestoration (0ms)
========================================================================
Worker process is ready to serve import requests
Caller must complete domain reload
Begin MonoManager ReloadAssembly
- Loaded All Assemblies, in  0.965 seconds
Native extension for WindowsStandalone target not found
Native extension for Android target not found
Package Manager log level set to [2]
[Package Manager] Server::EnsureServerProcessIsRunning -- launch failed, reason: Unity was launched with the -noUpm command-line argument
[Package Manager] UpmClient::Send -- Unable to send message (not connected to UPM process).
[Package Manager] Cannot connect to Unity Package Manager local server
System.Reflection.TargetInvocationException: Exception has been thrown by the target of an invocation. ---> System.NullReferenceException: Object reference not set to an instance of an object
  at Unity.XR.Oculus.OculusLoader.AssetPathToAbsolutePath (System.String assetPath) [0x0003d] in .\Library\PackageCache\com.unity.xr.oculus@4.2.0\Runtime\OculusLoader.cs:298 
  at Unity.XR.Oculus.OculusLoader.EditorLoadOVRPlugin () [0x0008c] in .\Library\PackageCache\com.unity.xr.oculus@4.2.0\Runtime\OculusLoader.cs:283 
  at (wrapper managed-to-native) System.Reflection.RuntimeMethodInfo.InternalInvoke(System.Reflection.RuntimeMethodInfo,object,object[],System.Exception&)
  at System.Reflection.RuntimeMethodInfo.Invoke (System.Object obj, System.Reflection.BindingFlags invokeAttr, System.Reflection.Binder binder, System.Object[] parameters, System.Globalization.CultureInfo culture) [0x0006a] in <8ce0bd04a7a04b4b9395538239d3fdd8>:0 
   --- End of inner exception stack trace ---
  at System.Reflection.RuntimeMethodInfo.Invoke (System.Object obj, System.Reflection.BindingFlags invokeAttr, System.Reflection.Binder binder, System.Object[] parameters, System.Globalization.CultureInfo culture) [0x00083] in <8ce0bd04a7a04b4b9395538239d3fdd8>:0 
  at System.Reflection.MethodBase.Invoke (System.Object obj, System.Object[] parameters) [0x00000] in <8ce0bd04a7a04b4b9395538239d3fdd8>:0 
  at UnityEditor.EditorAssemblies.ProcessInitializeOnLoadMethodAttributes () [0x000a5] in <b7cc06396ae047168d7fce5c3a820b53>:0 
UnityEngine.StackTraceUtility:ExtractStackTrace ()
UnityEngine.DebugLogHandler:LogFormat (UnityEngine.LogType,UnityEngine.Object,string,object[])
UnityEngine.Logger:Log (UnityEngine.LogType,object)
UnityEngine.Debug:LogError (object)
UnityEditor.EditorAssemblies:ProcessInitializeOnLoadMethodAttributes ()

Mono: successfully reloaded assembly
[Package Manager] Server::EnsureServerProcessIsRunning -- launch failed, reason: Unity was launched with the -noUpm command-line argument
[Package Manager] UpmClient::Send -- Unable to send message (not connected to UPM process).
[Package Manager] Cannot connect to Unity Package Manager local server
[Package Manager] Server::EnsureServerProcessIsRunning -- launch failed, reason: Unity was launched with the -noUpm command-line argument
[Package Manager] UpmClient::Send -- Unable to send message (not connected to UPM process).
[Package Manager] Cannot connect to Unity Package Manager local server
- Finished resetting the current domain, in  0.882 seconds
Domain Reload Profiling: 1828ms
	BeginReloadAssembly (189ms)
		ExecutionOrderSort (0ms)
		DisableScriptedObjects (5ms)
		BackupInstance (0ms)
		ReleaseScriptingObjects (0ms)
		CreateAndSetChildDomain (20ms)
	RebuildCommonClasses (34ms)
	RebuildNativeTypeToScriptingClass (9ms)
	initialDomainReloadingComplete (64ms)
	LoadAllAssembliesAndSetupDomain (650ms)
		LoadAssemblies (505ms)
		RebuildTransferFunctionScriptingTraits (0ms)
		AnalyzeDomain (267ms)
			TypeCache.Refresh (229ms)
				TypeCache.ScanAssembly (210ms)
			ScanForSourceGeneratedMonoScriptInfo (27ms)
			ResolveRequiredComponents (9ms)
	FinalizeReload (882ms)
		ReleaseScriptCaches (0ms)
		RebuildScriptCaches (0ms)
		SetupLoadedEditorAssemblies (722ms)
			LogAssemblyErrors (0ms)
			InitializePlatformSupportModulesInManaged (41ms)
			SetLoadedEditorAssemblies (5ms)
			RefreshPlugins (0ms)
			BeforeProcessingInitializeOnLoad (113ms)
			ProcessInitializeOnLoadAttributes (385ms)
			ProcessInitializeOnLoadMethodAttributes (151ms)
			AfterProcessingInitializeOnLoad (26ms)
			EditorAssembliesLoaded (0ms)
		ExecutionOrderSort2 (0ms)
		AwakeInstancesAfterBackupRestoration (9ms)
Launched and connected shader compiler UnityShaderCompiler.exe after 0.07 seconds
Refreshing native plugins compatible for Editor in 79.97 ms, found 12 plugins.
Preloading 1 native plugins for Editor in 0.15 ms.
Unloading 5944 Unused Serialized files (Serialized files now loaded: 0)
Unloading 88 unused Assets / (0.6 MB). Loaded Objects now: 6385.
Memory consumption went from 225.6 MB to 225.0 MB.
Total: 3.844400 ms (FindLiveObjects: 0.324700 ms CreateObjectMapping: 0.147900 ms MarkObjects: 3.136100 ms  DeleteObjects: 0.234400 ms)

AssetImportParameters requested are different than current active one (requested -> active):
  custom:container-demuxer-ogg: 62fdf1f143b41e24485cea50d1cbac27 -> 
  custom:video-codec-MediaFoundation-h265: 746d11721c4dcdbdad8f713fa42b33f4 -> 
  custom:video-decoder-ogg-theora: a1e56fd34408186e4bbccfd4996cb3dc -> 
  custom:framework-win-MediaFoundation: 216162199b28c13a410421893ffa2e32 -> 
  custom:CustomObjectIndexerAttribute: 72b91833f83ae208fae7752999fa3104 -> 
  custom:container-demuxer-webm: 4f35f7cbe854078d1ac9338744f61a02 -> 
  custom:container-muxer-webm: aa71ff27fc2769a1b78a27578f13a17b -> 
  custom:video-decoder-webm-vp8: 9c59270c3fd7afecdb556c50c9e8de78 -> 
  custom:SearchIndexIgnoredProperties: e643bd26f0fe6173181afceb89e7c659 -> 
  custom:AudioImporter_EditorPlatform: d09bf68614088b80899f8185d706f6e7 -> 
  custom:video-encoder-webm-vp8: eb34c28f22e8b96e1ab97ce403110664 -> 
  custom:audio-decoder-ogg-vorbis: bf7c407c2cedff20999df2af8eb42d56 -> 
  custom:audio-encoder-webm-vorbis: bf7c407c2cedff20999df2af8eb42d56 -> 
========================================================================
Received Import Request.
  Time since last request: 8024.076533 seconds.
  path: Assets/Art/Modles/Foods/Fantastic Food Pack/3d/SM_PROP_bottle_02.fbx
  artifactKey: Guid(68357e848125ea14e9f00e3ab78491af) Importer(815301076,1909f56bfc062723c751e8b465ee728b)
Start importing Assets/Art/Modles/Foods/Fantastic Food Pack/3d/SM_PROP_bottle_02.fbx using Guid(68357e848125ea14e9f00e3ab78491af) Importer(815301076,1909f56bfc062723c751e8b465ee728b) [PhysX] Initialized MultithreadedTaskDispatcher with 20 workers.
[PhysX] Initialized MultithreadedTaskDispatcher with 20 workers.
[PhysX] Initialized MultithreadedTaskDispatcher with 20 workers.
 -> (artifact id: 'cad3d7b31cce63e6872e7af008c2d4e8') in 0.661220 seconds
Number of updated asset objects reloaded before import = 0
Number of asset objects unloaded after import = 29
========================================================================
Received Import Request.
  Time since last request: 0.261256 seconds.
  path: Assets/Art/Modles/Foods/Fantastic Food Pack/3d/SM_PROP_bowl_wood_02.fbx
  artifactKey: Guid(42eb87bdfcc36664b95f75678911e19f) Importer(815301076,1909f56bfc062723c751e8b465ee728b)
Start importing Assets/Art/Modles/Foods/Fantastic Food Pack/3d/SM_PROP_bowl_wood_02.fbx using Guid(42eb87bdfcc36664b95f75678911e19f) Importer(815301076,1909f56bfc062723c751e8b465ee728b) [PhysX] Initialized MultithreadedTaskDispatcher with 20 workers.
[PhysX] Initialized MultithreadedTaskDispatcher with 20 workers.
[PhysX] Initialized MultithreadedTaskDispatcher with 20 workers.
 -> (artifact id: '741733d6c39d148d8e1126730a692851') in 0.056598 seconds
Number of updated asset objects reloaded before import = 0
Number of asset objects unloaded after import = 15
========================================================================
Received Import Request.
  Time since last request: 0.185580 seconds.
  path: Assets/Art/Modles/Foods/Fantastic Food Pack/3d/SM_PROP_bowl_wood_05.fbx
  artifactKey: Guid(32a4466a1a4483846a7df344f2c79559) Importer(815301076,1909f56bfc062723c751e8b465ee728b)
Start importing Assets/Art/Modles/Foods/Fantastic Food Pack/3d/SM_PROP_bowl_wood_05.fbx using Guid(32a4466a1a4483846a7df344f2c79559) Importer(815301076,1909f56bfc062723c751e8b465ee728b) [PhysX] Initialized MultithreadedTaskDispatcher with 20 workers.
[PhysX] Initialized MultithreadedTaskDispatcher with 20 workers.
[PhysX] Initialized MultithreadedTaskDispatcher with 20 workers.
 -> (artifact id: 'd2f4ee26f419da7b0ec1ef2edf2728fd') in 0.041049 seconds
Number of updated asset objects reloaded before import = 0
Number of asset objects unloaded after import = 15
========================================================================
Received Import Request.
  Time since last request: 0.723815 seconds.
  path: Assets/Art/Modles/Foods/Fantastic Food Pack/materials/M_food.mat
  artifactKey: Guid(e94d0c8e6ff06e849b22068082db6026) Importer(815301076,1909f56bfc062723c751e8b465ee728b)
Start importing Assets/Art/Modles/Foods/Fantastic Food Pack/materials/M_food.mat using Guid(e94d0c8e6ff06e849b22068082db6026) Importer(815301076,1909f56bfc062723c751e8b465ee728b) [PhysX] Initialized MultithreadedTaskDispatcher with 20 workers.
[PhysX] Initialized MultithreadedTaskDispatcher with 20 workers.
 -> (artifact id: '06c85f3872b0b04a46f59610f5c36b73') in 0.032993 seconds
Number of updated asset objects reloaded before import = 0
Number of asset objects unloaded after import = 4
========================================================================
Received Import Request.
  Time since last request: 0.000032 seconds.
  path: Assets/Art/Modles/Foods/Fantastic Food Pack/materials/M_plane.mat
  artifactKey: Guid(ff646fa4b483a2f449dfe9af252b2f08) Importer(815301076,1909f56bfc062723c751e8b465ee728b)
Start importing Assets/Art/Modles/Foods/Fantastic Food Pack/materials/M_plane.mat using Guid(ff646fa4b483a2f449dfe9af252b2f08) Importer(815301076,1909f56bfc062723c751e8b465ee728b) [PhysX] Initialized MultithreadedTaskDispatcher with 20 workers.
[PhysX] Initialized MultithreadedTaskDispatcher with 20 workers.
 -> (artifact id: '189baa076a537023b2b20d1b4f6be4d0') in 0.010083 seconds
Number of updated asset objects reloaded before import = 0
Number of asset objects unloaded after import = 2
========================================================================
Received Import Request.
  Time since last request: 11.907762 seconds.
  path: Assets/Art/Modles/Foods/Fantastic Food Pack/prefabs/P_PROP_bottle_03.prefab
  artifactKey: Guid(df8d26b26f870794e8a6d758cc669ae8) Importer(815301076,1909f56bfc062723c751e8b465ee728b)
Start importing Assets/Art/Modles/Foods/Fantastic Food Pack/prefabs/P_PROP_bottle_03.prefab using Guid(df8d26b26f870794e8a6d758cc669ae8) Importer(815301076,1909f56bfc062723c751e8b465ee728b) [PhysX] Initialized MultithreadedTaskDispatcher with 20 workers.
[PhysX] Initialized MultithreadedTaskDispatcher with 20 workers.
 -> (artifact id: 'f30087be0279698b8d42a811cbe89aa0') in 0.030363 seconds
Number of updated asset objects reloaded before import = 0
Number of asset objects unloaded after import = 12
========================================================================
Received Import Request.
  Time since last request: 0.000030 seconds.
  path: Assets/Art/Modles/Foods/Fantastic Food Pack/prefabs/P_PROP_bottle_08.prefab
  artifactKey: Guid(582eedd7eee3fed4bba03e2eb99af041) Importer(815301076,1909f56bfc062723c751e8b465ee728b)
Start importing Assets/Art/Modles/Foods/Fantastic Food Pack/prefabs/P_PROP_bottle_08.prefab using Guid(582eedd7eee3fed4bba03e2eb99af041) Importer(815301076,1909f56bfc062723c751e8b465ee728b) [PhysX] Initialized MultithreadedTaskDispatcher with 20 workers.
[PhysX] Initialized MultithreadedTaskDispatcher with 20 workers.
 -> (artifact id: '218e92ad2e982db718ef543409d0929c') in 0.021963 seconds
Number of updated asset objects reloaded before import = 0
Number of asset objects unloaded after import = 12
========================================================================
Received Import Request.
  Time since last request: 0.000030 seconds.
  path: Assets/Art/Modles/Foods/Fantastic Food Pack/prefabs/P_PROP_bottle_05.prefab
  artifactKey: Guid(2713123f8434a9a4cb505741392f7f1c) Importer(815301076,1909f56bfc062723c751e8b465ee728b)
Start importing Assets/Art/Modles/Foods/Fantastic Food Pack/prefabs/P_PROP_bottle_05.prefab using Guid(2713123f8434a9a4cb505741392f7f1c) Importer(815301076,1909f56bfc062723c751e8b465ee728b) [PhysX] Initialized MultithreadedTaskDispatcher with 20 workers.
[PhysX] Initialized MultithreadedTaskDispatcher with 20 workers.
 -> (artifact id: 'b05548ac7403e2b7e6e8fbaf830e9f6d') in 0.018168 seconds
Number of updated asset objects reloaded before import = 0
Number of asset objects unloaded after import = 12
========================================================================
Received Import Request.
  Time since last request: 0.000029 seconds.
  path: Assets/Art/Modles/Foods/Fantastic Food Pack/prefabs/P_PROP_bottle_09.prefab
  artifactKey: Guid(2e93956a9ebc49a41b1710d96f65f9d4) Importer(815301076,1909f56bfc062723c751e8b465ee728b)
Start importing Assets/Art/Modles/Foods/Fantastic Food Pack/prefabs/P_PROP_bottle_09.prefab using Guid(2e93956a9ebc49a41b1710d96f65f9d4) Importer(815301076,1909f56bfc062723c751e8b465ee728b) [PhysX] Initialized MultithreadedTaskDispatcher with 20 workers.
[PhysX] Initialized MultithreadedTaskDispatcher with 20 workers.
 -> (artifact id: 'fd20dcb97d277ce64fa6a12b15873e3b') in 0.017271 seconds
Number of updated asset objects reloaded before import = 0
Number of asset objects unloaded after import = 12
========================================================================
Received Import Request.
  Time since last request: 3.654235 seconds.
  path: Assets/Art/Modles/Foods/Fantastic Food Pack/2d/textures/T_cloth_01_N.png
  artifactKey: Guid(c9767fa32fe60474583759faed00e317) Importer(815301076,1909f56bfc062723c751e8b465ee728b)
Start importing Assets/Art/Modles/Foods/Fantastic Food Pack/2d/textures/T_cloth_01_N.png using Guid(c9767fa32fe60474583759faed00e317) Importer(815301076,1909f56bfc062723c751e8b465ee728b) [PhysX] Initialized MultithreadedTaskDispatcher with 20 workers.
[PhysX] Initialized MultithreadedTaskDispatcher with 20 workers.
 -> (artifact id: '7b6a5cb06db75cb0c82a73067da5bd36') in 0.085737 seconds
Number of updated asset objects reloaded before import = 0
Number of asset objects unloaded after import = 2
========================================================================
Received Import Request.
  Time since last request: 0.000036 seconds.
  path: Assets/Art/Modles/Foods/Fantastic Food Pack/2d/textures/T_wood_03_BC.png
  artifactKey: Guid(c295a9a6de5eee0439b0aa4e6d5c4f9d) Importer(815301076,1909f56bfc062723c751e8b465ee728b)
Start importing Assets/Art/Modles/Foods/Fantastic Food Pack/2d/textures/T_wood_03_BC.png using Guid(c295a9a6de5eee0439b0aa4e6d5c4f9d) Importer(815301076,1909f56bfc062723c751e8b465ee728b) [PhysX] Initialized MultithreadedTaskDispatcher with 20 workers.
[PhysX] Initialized MultithreadedTaskDispatcher with 20 workers.
 -> (artifact id: '6191eed5a61747327be7055005adffc3') in 0.013332 seconds
Number of updated asset objects reloaded before import = 0
Number of asset objects unloaded after import = 2
========================================================================
Received Import Request.
  Time since last request: 5.791976 seconds.
  path: Assets/Art/Modles/Foods/Fantastic Food Pack/prefabs/P_PROP_bowl_wood_03.prefab
  artifactKey: Guid(640173b9692c1934f8def9aaabff3077) Importer(815301076,1909f56bfc062723c751e8b465ee728b)
Start importing Assets/Art/Modles/Foods/Fantastic Food Pack/prefabs/P_PROP_bowl_wood_03.prefab using Guid(640173b9692c1934f8def9aaabff3077) Importer(815301076,1909f56bfc062723c751e8b465ee728b) [PhysX] Initialized MultithreadedTaskDispatcher with 20 workers.
[PhysX] Initialized MultithreadedTaskDispatcher with 20 workers.
 -> (artifact id: '667959a0924211f6c3458d21b052331a') in 0.042757 seconds
Number of updated asset objects reloaded before import = 0
Number of asset objects unloaded after import = 16
========================================================================
Received Import Request.
  Time since last request: 0.187168 seconds.
  path: Assets/Art/Modles/Foods/Fantastic Food Pack/prefabs/P_PROP_crate_02.prefab
  artifactKey: Guid(b5e8e64cc2c7d824e8522a1fe02d45cc) Importer(815301076,1909f56bfc062723c751e8b465ee728b)
Start importing Assets/Art/Modles/Foods/Fantastic Food Pack/prefabs/P_PROP_crate_02.prefab using Guid(b5e8e64cc2c7d824e8522a1fe02d45cc) Importer(815301076,1909f56bfc062723c751e8b465ee728b) [PhysX] Initialized MultithreadedTaskDispatcher with 20 workers.
[PhysX] Initialized MultithreadedTaskDispatcher with 20 workers.
 -> (artifact id: 'd9b2963984afe5838964620d7972342d') in 0.028231 seconds
Number of updated asset objects reloaded before import = 0
Number of asset objects unloaded after import = 16
========================================================================
Received Import Request.
  Time since last request: 6.164861 seconds.
  path: Assets/Art/Modles/Foods/Fantastic Food Pack/prefabs/P_PROP_bottle_03.prefab
  artifactKey: Guid(df8d26b26f870794e8a6d758cc669ae8) Importer(815301076,1909f56bfc062723c751e8b465ee728b)
Start importing Assets/Art/Modles/Foods/Fantastic Food Pack/prefabs/P_PROP_bottle_03.prefab using Guid(df8d26b26f870794e8a6d758cc669ae8) Importer(815301076,1909f56bfc062723c751e8b465ee728b) [PhysX] Initialized MultithreadedTaskDispatcher with 20 workers.
[PhysX] Initialized MultithreadedTaskDispatcher with 20 workers.
 -> (artifact id: 'a9e8cfd07cfd84162c27911f1f19bb00') in 0.401809 seconds
Number of updated asset objects reloaded before import = 0
Number of asset objects unloaded after import = 12
========================================================================
Received Import Request.
  Time since last request: 0.000051 seconds.
  path: Assets/Art/Modles/Foods/Fantastic Food Pack/prefabs/P_PROP_bottle_09.prefab
  artifactKey: Guid(2e93956a9ebc49a41b1710d96f65f9d4) Importer(815301076,1909f56bfc062723c751e8b465ee728b)
Start importing Assets/Art/Modles/Foods/Fantastic Food Pack/prefabs/P_PROP_bottle_09.prefab using Guid(2e93956a9ebc49a41b1710d96f65f9d4) Importer(815301076,1909f56bfc062723c751e8b465ee728b) [PhysX] Initialized MultithreadedTaskDispatcher with 20 workers.
[PhysX] Initialized MultithreadedTaskDispatcher with 20 workers.
 -> (artifact id: '88a54c18cdd48f6e379267fe142d04a8') in 0.018786 seconds
Number of updated asset objects reloaded before import = 0
Number of asset objects unloaded after import = 12
========================================================================
Received Import Request.
  Time since last request: 1.495577 seconds.
  path: Assets/Art/Modles/Foods/Fantastic Food Pack/materials/M_plane.mat
  artifactKey: Guid(ff646fa4b483a2f449dfe9af252b2f08) Importer(815301076,1909f56bfc062723c751e8b465ee728b)
Start importing Assets/Art/Modles/Foods/Fantastic Food Pack/materials/M_plane.mat using Guid(ff646fa4b483a2f449dfe9af252b2f08) Importer(815301076,1909f56bfc062723c751e8b465ee728b) [PhysX] Initialized MultithreadedTaskDispatcher with 20 workers.
[PhysX] Initialized MultithreadedTaskDispatcher with 20 workers.
 -> (artifact id: '975b6e76e4bfac6e3b9449401e7644e7') in 0.013378 seconds
Number of updated asset objects reloaded before import = 0
Number of asset objects unloaded after import = 2
========================================================================
Received Import Request.
  Time since last request: 0.000031 seconds.
  path: Assets/Art/Modles/Foods/Fantastic Food Pack/materials/M_wood_planks.mat
  artifactKey: Guid(239063e401ea1d041b62ea44616b4087) Importer(815301076,1909f56bfc062723c751e8b465ee728b)
Start importing Assets/Art/Modles/Foods/Fantastic Food Pack/materials/M_wood_planks.mat using Guid(239063e401ea1d041b62ea44616b4087) Importer(815301076,1909f56bfc062723c751e8b465ee728b) [PhysX] Initialized MultithreadedTaskDispatcher with 20 workers.
[PhysX] Initialized MultithreadedTaskDispatcher with 20 workers.
 -> (artifact id: '4d529af79a1e9ea8012268c22c5f49a4') in 0.432924 seconds
Number of updated asset objects reloaded before import = 0
Number of asset objects unloaded after import = 5
========================================================================
Received Import Request.
  Time since last request: 1.066420 seconds.
  path: Assets/Art/Modles/Foods/Fantastic Food Pack/3d/SM_PROP_bottle_03.fbx
  artifactKey: Guid(7f64bd53edc8dd94caccf697da85ab63) Importer(815301076,1909f56bfc062723c751e8b465ee728b)
Start importing Assets/Art/Modles/Foods/Fantastic Food Pack/3d/SM_PROP_bottle_03.fbx using Guid(7f64bd53edc8dd94caccf697da85ab63) Importer(815301076,1909f56bfc062723c751e8b465ee728b) [PhysX] Initialized MultithreadedTaskDispatcher with 20 workers.
[PhysX] Initialized MultithreadedTaskDispatcher with 20 workers.
[PhysX] Initialized MultithreadedTaskDispatcher with 20 workers.
 -> (artifact id: '8b02d386b0469c54865267d289e8e8bf') in 0.041893 seconds
Number of updated asset objects reloaded before import = 0
Number of asset objects unloaded after import = 11
========================================================================
Received Import Request.
  Time since last request: 0.000044 seconds.
  path: Assets/Art/Modles/Foods/Fantastic Food Pack/3d/SM_PROP_bottle_06.fbx
  artifactKey: Guid(fc750140670a52141af821ffd0aa6d54) Importer(815301076,1909f56bfc062723c751e8b465ee728b)
Start importing Assets/Art/Modles/Foods/Fantastic Food Pack/3d/SM_PROP_bottle_06.fbx using Guid(fc750140670a52141af821ffd0aa6d54) Importer(815301076,1909f56bfc062723c751e8b465ee728b) [PhysX] Initialized MultithreadedTaskDispatcher with 20 workers.
[PhysX] Initialized MultithreadedTaskDispatcher with 20 workers.
[PhysX] Initialized MultithreadedTaskDispatcher with 20 workers.
 -> (artifact id: '8f701723a55005f96211338363e990d6') in 0.033688 seconds
Number of updated asset objects reloaded before import = 0
Number of asset objects unloaded after import = 11
========================================================================
Received Import Request.
  Time since last request: 0.000032 seconds.
  path: Assets/Art/Modles/Foods/Fantastic Food Pack/3d/SM_PROP_bottle_09.fbx
  artifactKey: Guid(96e27be17e0a9524f85e2ca8787af91a) Importer(815301076,1909f56bfc062723c751e8b465ee728b)
Start importing Assets/Art/Modles/Foods/Fantastic Food Pack/3d/SM_PROP_bottle_09.fbx using Guid(96e27be17e0a9524f85e2ca8787af91a) Importer(815301076,1909f56bfc062723c751e8b465ee728b) [PhysX] Initialized MultithreadedTaskDispatcher with 20 workers.
[PhysX] Initialized MultithreadedTaskDispatcher with 20 workers.
[PhysX] Initialized MultithreadedTaskDispatcher with 20 workers.
 -> (artifact id: '2a757555b06816777cfc0839c930b5d4') in 0.028794 seconds
Number of updated asset objects reloaded before import = 0
Number of asset objects unloaded after import = 11
========================================================================
Received Import Request.
  Time since last request: 0.703007 seconds.
  path: Assets/Art/Modles/Foods/Fantastic Food Pack/3d/SM_PROP_bowl_wood_03.fbx
  artifactKey: Guid(9cbc42b3b9d823e438d23396ef226c57) Importer(815301076,1909f56bfc062723c751e8b465ee728b)
Start importing Assets/Art/Modles/Foods/Fantastic Food Pack/3d/SM_PROP_bowl_wood_03.fbx using Guid(9cbc42b3b9d823e438d23396ef226c57) Importer(815301076,1909f56bfc062723c751e8b465ee728b) [PhysX] Initialized MultithreadedTaskDispatcher with 20 workers.
[PhysX] Initialized MultithreadedTaskDispatcher with 20 workers.
[PhysX] Initialized MultithreadedTaskDispatcher with 20 workers.
 -> (artifact id: 'be2863c139f7ca754eb941878b2ffa0e') in 0.048405 seconds
Number of updated asset objects reloaded before import = 0
Number of asset objects unloaded after import = 15
========================================================================
Received Import Request.
  Time since last request: 0.170332 seconds.
  path: Assets/Art/Modles/Foods/Fantastic Food Pack/3d/SM_PROP_crate_01.fbx
  artifactKey: Guid(d5727387630ee444c8d3823968a1a46c) Importer(815301076,1909f56bfc062723c751e8b465ee728b)
Start importing Assets/Art/Modles/Foods/Fantastic Food Pack/3d/SM_PROP_crate_01.fbx using Guid(d5727387630ee444c8d3823968a1a46c) Importer(815301076,1909f56bfc062723c751e8b465ee728b) [PhysX] Initialized MultithreadedTaskDispatcher with 20 workers.
[PhysX] Initialized MultithreadedTaskDispatcher with 20 workers.
[PhysX] Initialized MultithreadedTaskDispatcher with 20 workers.
 -> (artifact id: 'ae39f10dcd23a8f1df3a26fe484917fa') in 0.025609 seconds
Number of updated asset objects reloaded before import = 0
Number of asset objects unloaded after import = 12
========================================================================
Received Import Request.
  Time since last request: 0.034056 seconds.
  path: Assets/Art/Modles/Foods/Fantastic Food Pack/3d/SM_PROP_crate_04.fbx
  artifactKey: Guid(fdf50f94977cc674f873399e57c68e90) Importer(815301076,1909f56bfc062723c751e8b465ee728b)
Start importing Assets/Art/Modles/Foods/Fantastic Food Pack/3d/SM_PROP_crate_04.fbx using Guid(fdf50f94977cc674f873399e57c68e90) Importer(815301076,1909f56bfc062723c751e8b465ee728b) [PhysX] Initialized MultithreadedTaskDispatcher with 20 workers.
[PhysX] Initialized MultithreadedTaskDispatcher with 20 workers.
[PhysX] Initialized MultithreadedTaskDispatcher with 20 workers.
 -> (artifact id: '852011035e2c13b48607095cde951674') in 0.029000 seconds
Number of updated asset objects reloaded before import = 0
Number of asset objects unloaded after import = 15
========================================================================
Received Import Request.
  Time since last request: 1.654050 seconds.
  path: Assets/Art/Modles/Foods/Fantastic Food Pack/3d/SM_PROP_food_banana_01.fbx
  artifactKey: Guid(aa52154c5df9ecd409cc60849e01ba38) Importer(815301076,1909f56bfc062723c751e8b465ee728b)
Start importing Assets/Art/Modles/Foods/Fantastic Food Pack/3d/SM_PROP_food_banana_01.fbx using Guid(aa52154c5df9ecd409cc60849e01ba38) Importer(815301076,1909f56bfc062723c751e8b465ee728b) [PhysX] Initialized MultithreadedTaskDispatcher with 20 workers.
[PhysX] Initialized MultithreadedTaskDispatcher with 20 workers.
[PhysX] Initialized MultithreadedTaskDispatcher with 20 workers.
 -> (artifact id: '2ddc0f1b0e8becd0eeb9005c038ccfd5') in 0.026356 seconds
Number of updated asset objects reloaded before import = 0
Number of asset objects unloaded after import = 11
========================================================================
Received Import Request.
  Time since last request: 0.214925 seconds.
  path: Assets/Art/Modles/Foods/Fantastic Food Pack/3d/SM_PROP_food_bread_01.fbx
  artifactKey: Guid(49490ab91c8cfd542b21ffa9c1757e1d) Importer(815301076,1909f56bfc062723c751e8b465ee728b)
Start importing Assets/Art/Modles/Foods/Fantastic Food Pack/3d/SM_PROP_food_bread_01.fbx using Guid(49490ab91c8cfd542b21ffa9c1757e1d) Importer(815301076,1909f56bfc062723c751e8b465ee728b) [PhysX] Initialized MultithreadedTaskDispatcher with 20 workers.
[PhysX] Initialized MultithreadedTaskDispatcher with 20 workers.
[PhysX] Initialized MultithreadedTaskDispatcher with 20 workers.
 -> (artifact id: 'e925b5c0b55b6d16156448dba826bb21') in 0.033856 seconds
Number of updated asset objects reloaded before import = 0
Number of asset objects unloaded after import = 11
========================================================================
Received Import Request.
  Time since last request: 26.997467 seconds.
  path: Assets/Art/Modles/Foods/Fantastic Food Pack/3d/SM_PROP_food_bread_09.fbx
  artifactKey: Guid(e5b9d77417933a547af77f4bce27bfb4) Importer(815301076,1909f56bfc062723c751e8b465ee728b)
Start importing Assets/Art/Modles/Foods/Fantastic Food Pack/3d/SM_PROP_food_bread_09.fbx using Guid(e5b9d77417933a547af77f4bce27bfb4) Importer(815301076,1909f56bfc062723c751e8b465ee728b) [PhysX] Initialized MultithreadedTaskDispatcher with 20 workers.
[PhysX] Initialized MultithreadedTaskDispatcher with 20 workers.
[PhysX] Initialized MultithreadedTaskDispatcher with 20 workers.
 -> (artifact id: '4b427ec25442697465899c73ebea0351') in 0.030357 seconds
Number of updated asset objects reloaded before import = 0
Number of asset objects unloaded after import = 11
========================================================================
Received Import Request.
  Time since last request: 0.814620 seconds.
  path: Assets/Art/Modles/Foods/Fantastic Food Pack/3d/SM_PROP_food_broccoli.fbx
  artifactKey: Guid(908426054ff57d14fbca92e0c449dda1) Importer(815301076,1909f56bfc062723c751e8b465ee728b)
Start importing Assets/Art/Modles/Foods/Fantastic Food Pack/3d/SM_PROP_food_broccoli.fbx using Guid(908426054ff57d14fbca92e0c449dda1) Importer(815301076,1909f56bfc062723c751e8b465ee728b) [PhysX] Initialized MultithreadedTaskDispatcher with 20 workers.
[PhysX] Initialized MultithreadedTaskDispatcher with 20 workers.
[PhysX] Initialized MultithreadedTaskDispatcher with 20 workers.
 -> (artifact id: 'b2547c28293fabe3e8795a5abed65355') in 0.034345 seconds
Number of updated asset objects reloaded before import = 0
Number of asset objects unloaded after import = 11
========================================================================
Received Import Request.
  Time since last request: 0.331209 seconds.
  path: Assets/Art/Modles/Foods/Fantastic Food Pack/3d/SM_PROP_food_cheese_01.fbx
  artifactKey: Guid(3d50667147bfe2047af60c7d3acf33c2) Importer(815301076,1909f56bfc062723c751e8b465ee728b)
Start importing Assets/Art/Modles/Foods/Fantastic Food Pack/3d/SM_PROP_food_cheese_01.fbx using Guid(3d50667147bfe2047af60c7d3acf33c2) Importer(815301076,1909f56bfc062723c751e8b465ee728b) [PhysX] Initialized MultithreadedTaskDispatcher with 20 workers.
[PhysX] Initialized MultithreadedTaskDispatcher with 20 workers.
[PhysX] Initialized MultithreadedTaskDispatcher with 20 workers.
 -> (artifact id: '4546f9ff168c229bf3515af7135dec9c') in 0.026600 seconds
Number of updated asset objects reloaded before import = 0
Number of asset objects unloaded after import = 11
========================================================================
Received Import Request.
  Time since last request: 44.779615 seconds.
  path: Assets/Art/Modles/Foods/Fantastic Food Pack/3d/SM_PROP_food_apple.fbx
  artifactKey: Guid(c02822bdd97da034980c1ab04b67f7ae) Importer(815301076,1909f56bfc062723c751e8b465ee728b)
Start importing Assets/Art/Modles/Foods/Fantastic Food Pack/3d/SM_PROP_food_apple.fbx using Guid(c02822bdd97da034980c1ab04b67f7ae) Importer(815301076,1909f56bfc062723c751e8b465ee728b) [PhysX] Initialized MultithreadedTaskDispatcher with 20 workers.
[PhysX] Initialized MultithreadedTaskDispatcher with 20 workers.
[PhysX] Initialized MultithreadedTaskDispatcher with 20 workers.
 -> (artifact id: '90e03df843a4ea85e75fa5f14d05d166') in 0.029647 seconds
Number of updated asset objects reloaded before import = 0
Number of asset objects unloaded after import = 11
========================================================================
Received Import Request.
  Time since last request: 0.000320 seconds.
  path: Assets/Art/Modles/Foods/Fantastic Food Pack/3d/SM_PROP_food_bread_01.fbx
  artifactKey: Guid(49490ab91c8cfd542b21ffa9c1757e1d) Importer(815301076,1909f56bfc062723c751e8b465ee728b)
Start importing Assets/Art/Modles/Foods/Fantastic Food Pack/3d/SM_PROP_food_bread_01.fbx using Guid(49490ab91c8cfd542b21ffa9c1757e1d) Importer(815301076,1909f56bfc062723c751e8b465ee728b) [PhysX] Initialized MultithreadedTaskDispatcher with 20 workers.
[PhysX] Initialized MultithreadedTaskDispatcher with 20 workers.
[PhysX] Initialized MultithreadedTaskDispatcher with 20 workers.
 -> (artifact id: '9ea120ab3dd5381ffe389e567f15a9dc') in 0.030572 seconds
Number of updated asset objects reloaded before import = 0
Number of asset objects unloaded after import = 11
========================================================================
Received Import Request.
  Time since last request: 0.000037 seconds.
  path: Assets/Art/Modles/Foods/Fantastic Food Pack/3d/SM_PROP_food_bread_02.fbx
  artifactKey: Guid(35701b325fbf8e24f9dd4fed87b03082) Importer(815301076,1909f56bfc062723c751e8b465ee728b)
Start importing Assets/Art/Modles/Foods/Fantastic Food Pack/3d/SM_PROP_food_bread_02.fbx using Guid(35701b325fbf8e24f9dd4fed87b03082) Importer(815301076,1909f56bfc062723c751e8b465ee728b) [PhysX] Initialized MultithreadedTaskDispatcher with 20 workers.
[PhysX] Initialized MultithreadedTaskDispatcher with 20 workers.
[PhysX] Initialized MultithreadedTaskDispatcher with 20 workers.
 -> (artifact id: 'cdc540318dea0fae1c2101bfef3209d1') in 0.027562 seconds
Number of updated asset objects reloaded before import = 0
Number of asset objects unloaded after import = 11
Editor requested this worker to shutdown with reason: Scaling down because of idle timeout
TcpMessagingSession - receive error: operation aborted. errorcode: 995, details: 由于线程退出或应用程序请求，已中止 I/O 操作。
AssetImportWorker is now disconnected from the server
Process exiting
Exiting without the bug reporter. Application will terminate with return code 0