Using pre-set license
Built from '2022.3/china_unity/release' branch; Version is '2022.3.42f1c1 (d3f79ae33604) revision 13891482'; Using compiler version '192829333'; Build Type 'Release'
OS: 'Windows 11  (10.0.26100) 64bit CoreCountrySpecific' Language: 'zh' Physical Memory: 32397 MB
BatchMode: 1, IsHumanControllingUs: 0, StartBugReporterOnCrash: 0, Is64bit: 1, IsPro: 1

COMMAND LINE ARGUMENTS:
C:\Program Files\Unity\Hub\Editor\2022.3.42f1c1\Editor\Unity.exe
-adb2
-batchMode
-noUpm
-name
AssetImportWorker4
-projectPath
D:/UnityProjects/Snake Git
-logFile
Logs/AssetImportWorker4.log
-srvPort
60986
Successfully changed project path to: D:/UnityProjects/Snake Git
D:/UnityProjects/Snake Git
[UnityMemory] Configuration Parameters - Can be set up in boot.config
    "memorysetup-bucket-allocator-granularity=16"
    "memorysetup-bucket-allocator-bucket-count=8"
    "memorysetup-bucket-allocator-block-size=33554432"
    "memorysetup-bucket-allocator-block-count=8"
    "memorysetup-main-allocator-block-size=16777216"
    "memorysetup-thread-allocator-block-size=16777216"
    "memorysetup-gfx-main-allocator-block-size=16777216"
    "memorysetup-gfx-thread-allocator-block-size=16777216"
    "memorysetup-cache-allocator-block-size=4194304"
    "memorysetup-typetree-allocator-block-size=2097152"
    "memorysetup-profiler-bucket-allocator-granularity=16"
    "memorysetup-profiler-bucket-allocator-bucket-count=8"
    "memorysetup-profiler-bucket-allocator-block-size=33554432"
    "memorysetup-profiler-bucket-allocator-block-count=8"
    "memorysetup-profiler-allocator-block-size=16777216"
    "memorysetup-profiler-editor-allocator-block-size=1048576"
    "memorysetup-temp-allocator-size-main=16777216"
    "memorysetup-job-temp-allocator-block-size=2097152"
    "memorysetup-job-temp-allocator-block-size-background=1048576"
    "memorysetup-job-temp-allocator-reduction-small-platforms=262144"
    "memorysetup-allocator-temp-initial-block-size-main=262144"
    "memorysetup-allocator-temp-initial-block-size-worker=262144"
    "memorysetup-temp-allocator-size-background-worker=32768"
    "memorysetup-temp-allocator-size-job-worker=262144"
    "memorysetup-temp-allocator-size-preload-manager=33554432"
    "memorysetup-temp-allocator-size-nav-mesh-worker=65536"
    "memorysetup-temp-allocator-size-audio-worker=65536"
    "memorysetup-temp-allocator-size-cloud-worker=32768"
    "memorysetup-temp-allocator-size-gi-baking-worker=262144"
    "memorysetup-temp-allocator-size-gfx=262144"
Player connection [38620]  Target information:

Player connection [38620]  * "[IP] 192.168.55.58 [Port] 0 [Flags] 2 [Guid] 3654349918 [EditorId] 3654349918 [Version] 1048832 [Id] WindowsEditor(7,»ÃX2023) [Debug] 1 [PackageName] WindowsEditor [ProjectName] Editor" 

Player connection [38620] Host joined multi-casting on [225.0.0.222:54997]...
Player connection [38620] Host joined alternative multi-casting on [225.0.0.222:34997]...
[PhysX] Initialized MultithreadedTaskDispatcher with 20 workers.
Refreshing native plugins compatible for Editor in 60.01 ms, found 12 plugins.
Preloading 1 native plugins for Editor in 0.77 ms.
Initialize engine version: 2022.3.42f1c1 (d3f79ae33604)
[Subsystems] Discovering subsystems at path C:/Program Files/Unity/Hub/Editor/2022.3.42f1c1/Editor/Data/Resources/UnitySubsystems
[Subsystems] Discovering subsystems at path D:/UnityProjects/Snake Git/Assets
GfxDevice: creating device client; threaded=0; jobified=0
Direct3D:
    Version:  Direct3D 11.0 [level 11.1]
    Renderer: NVIDIA GeForce RTX 4060 Laptop GPU (ID=0x28e0)
    Vendor:   NVIDIA
    VRAM:     7957 MB
    Driver:   32.0.15.8115
Initialize mono
Mono path[0] = 'C:/Program Files/Unity/Hub/Editor/2022.3.42f1c1/Editor/Data/Managed'
Mono path[1] = 'C:/Program Files/Unity/Hub/Editor/2022.3.42f1c1/Editor/Data/MonoBleedingEdge/lib/mono/unityjit-win32'
Mono config path = 'C:/Program Files/Unity/Hub/Editor/2022.3.42f1c1/Editor/Data/MonoBleedingEdge/etc'
Using monoOptions --debugger-agent=transport=dt_socket,embedding=1,server=y,suspend=n,address=127.0.0.1:56496
Begin MonoManager ReloadAssembly
Registering precompiled unity dll's ...
Register platform support module: C:/Program Files/Unity/Hub/Editor/2022.3.42f1c1/Editor/Data/PlaybackEngines/AndroidPlayer/UnityEditor.Android.Extensions.dll
Register platform support module: C:/Program Files/Unity/Hub/Editor/2022.3.42f1c1/Editor/Data/PlaybackEngines/WindowsStandaloneSupport/UnityEditor.WindowsStandalone.Extensions.dll
Registered in 0.026967 seconds.
- Loaded All Assemblies, in  0.482 seconds
Native extension for WindowsStandalone target not found
Native extension for Android target not found
Android Extension - Scanning For ADB Devices 437 ms
Mono: successfully reloaded assembly
- Finished resetting the current domain, in  0.782 seconds
Domain Reload Profiling: 1254ms
	BeginReloadAssembly (174ms)
		ExecutionOrderSort (0ms)
		DisableScriptedObjects (0ms)
		BackupInstance (0ms)
		ReleaseScriptingObjects (0ms)
		CreateAndSetChildDomain (1ms)
	RebuildCommonClasses (36ms)
	RebuildNativeTypeToScriptingClass (10ms)
	initialDomainReloadingComplete (101ms)
	LoadAllAssembliesAndSetupDomain (151ms)
		LoadAssemblies (163ms)
		RebuildTransferFunctionScriptingTraits (0ms)
		AnalyzeDomain (148ms)
			TypeCache.Refresh (147ms)
				TypeCache.ScanAssembly (133ms)
			ScanForSourceGeneratedMonoScriptInfo (0ms)
			ResolveRequiredComponents (0ms)
	FinalizeReload (782ms)
		ReleaseScriptCaches (0ms)
		RebuildScriptCaches (0ms)
		SetupLoadedEditorAssemblies (738ms)
			LogAssemblyErrors (0ms)
			InitializePlatformSupportModulesInManaged (577ms)
			SetLoadedEditorAssemblies (4ms)
			RefreshPlugins (0ms)
			BeforeProcessingInitializeOnLoad (2ms)
			ProcessInitializeOnLoadAttributes (110ms)
			ProcessInitializeOnLoadMethodAttributes (45ms)
			AfterProcessingInitializeOnLoad (0ms)
			EditorAssembliesLoaded (0ms)
		ExecutionOrderSort2 (0ms)
		AwakeInstancesAfterBackupRestoration (0ms)
========================================================================
Worker process is ready to serve import requests
Caller must complete domain reload
Begin MonoManager ReloadAssembly
- Loaded All Assemblies, in  1.046 seconds
Native extension for WindowsStandalone target not found
Native extension for Android target not found
Package Manager log level set to [2]
[Package Manager] Server::EnsureServerProcessIsRunning -- launch failed, reason: Unity was launched with the -noUpm command-line argument
[Package Manager] UpmClient::Send -- Unable to send message (not connected to UPM process).
[Package Manager] Cannot connect to Unity Package Manager local server
System.Reflection.TargetInvocationException: Exception has been thrown by the target of an invocation. ---> System.NullReferenceException: Object reference not set to an instance of an object
  at Unity.XR.Oculus.OculusLoader.AssetPathToAbsolutePath (System.String assetPath) [0x0003d] in .\Library\PackageCache\com.unity.xr.oculus@4.2.0\Runtime\OculusLoader.cs:298 
  at Unity.XR.Oculus.OculusLoader.EditorLoadOVRPlugin () [0x0008c] in .\Library\PackageCache\com.unity.xr.oculus@4.2.0\Runtime\OculusLoader.cs:283 
  at (wrapper managed-to-native) System.Reflection.RuntimeMethodInfo.InternalInvoke(System.Reflection.RuntimeMethodInfo,object,object[],System.Exception&)
  at System.Reflection.RuntimeMethodInfo.Invoke (System.Object obj, System.Reflection.BindingFlags invokeAttr, System.Reflection.Binder binder, System.Object[] parameters, System.Globalization.CultureInfo culture) [0x0006a] in <8ce0bd04a7a04b4b9395538239d3fdd8>:0 
   --- End of inner exception stack trace ---
  at System.Reflection.RuntimeMethodInfo.Invoke (System.Object obj, System.Reflection.BindingFlags invokeAttr, System.Reflection.Binder binder, System.Object[] parameters, System.Globalization.CultureInfo culture) [0x00083] in <8ce0bd04a7a04b4b9395538239d3fdd8>:0 
  at System.Reflection.MethodBase.Invoke (System.Object obj, System.Object[] parameters) [0x00000] in <8ce0bd04a7a04b4b9395538239d3fdd8>:0 
  at UnityEditor.EditorAssemblies.ProcessInitializeOnLoadMethodAttributes () [0x000a5] in <b7cc06396ae047168d7fce5c3a820b53>:0 
UnityEngine.StackTraceUtility:ExtractStackTrace ()
UnityEngine.DebugLogHandler:LogFormat (UnityEngine.LogType,UnityEngine.Object,string,object[])
UnityEngine.Logger:Log (UnityEngine.LogType,object)
UnityEngine.Debug:LogError (object)
UnityEditor.EditorAssemblies:ProcessInitializeOnLoadMethodAttributes ()

Mono: successfully reloaded assembly
[Package Manager] Server::EnsureServerProcessIsRunning -- launch failed, reason: Unity was launched with the -noUpm command-line argument
[Package Manager] UpmClient::Send -- Unable to send message (not connected to UPM process).
[Package Manager] Cannot connect to Unity Package Manager local server
[Package Manager] Server::EnsureServerProcessIsRunning -- launch failed, reason: Unity was launched with the -noUpm command-line argument
[Package Manager] UpmClient::Send -- Unable to send message (not connected to UPM process).
[Package Manager] Cannot connect to Unity Package Manager local server
- Finished resetting the current domain, in  0.903 seconds
Domain Reload Profiling: 1923ms
	BeginReloadAssembly (204ms)
		ExecutionOrderSort (0ms)
		DisableScriptedObjects (5ms)
		BackupInstance (0ms)
		ReleaseScriptingObjects (0ms)
		CreateAndSetChildDomain (20ms)
	RebuildCommonClasses (34ms)
	RebuildNativeTypeToScriptingClass (10ms)
	initialDomainReloadingComplete (70ms)
	LoadAllAssembliesAndSetupDomain (701ms)
		LoadAssemblies (557ms)
		RebuildTransferFunctionScriptingTraits (0ms)
		AnalyzeDomain (281ms)
			TypeCache.Refresh (241ms)
				TypeCache.ScanAssembly (219ms)
			ScanForSourceGeneratedMonoScriptInfo (29ms)
			ResolveRequiredComponents (9ms)
	FinalizeReload (903ms)
		ReleaseScriptCaches (0ms)
		RebuildScriptCaches (0ms)
		SetupLoadedEditorAssemblies (731ms)
			LogAssemblyErrors (0ms)
			InitializePlatformSupportModulesInManaged (40ms)
			SetLoadedEditorAssemblies (5ms)
			RefreshPlugins (0ms)
			BeforeProcessingInitializeOnLoad (128ms)
			ProcessInitializeOnLoadAttributes (383ms)
			ProcessInitializeOnLoadMethodAttributes (139ms)
			AfterProcessingInitializeOnLoad (35ms)
			EditorAssembliesLoaded (0ms)
		ExecutionOrderSort2 (0ms)
		AwakeInstancesAfterBackupRestoration (8ms)
Launched and connected shader compiler UnityShaderCompiler.exe after 0.07 seconds
Refreshing native plugins compatible for Editor in 37.98 ms, found 12 plugins.
Preloading 1 native plugins for Editor in 0.18 ms.
Unloading 5944 Unused Serialized files (Serialized files now loaded: 0)
Unloading 88 unused Assets / (0.6 MB). Loaded Objects now: 6387.
Memory consumption went from 226.1 MB to 225.5 MB.
Total: 4.367800 ms (FindLiveObjects: 0.453100 ms CreateObjectMapping: 0.254900 ms MarkObjects: 3.360800 ms  DeleteObjects: 0.297300 ms)

AssetImportParameters requested are different than current active one (requested -> active):
  custom:container-demuxer-ogg: 62fdf1f143b41e24485cea50d1cbac27 -> 
  custom:video-codec-MediaFoundation-h265: 746d11721c4dcdbdad8f713fa42b33f4 -> 
  custom:video-decoder-ogg-theora: a1e56fd34408186e4bbccfd4996cb3dc -> 
  custom:framework-win-MediaFoundation: 216162199b28c13a410421893ffa2e32 -> 
  custom:CustomObjectIndexerAttribute: 72b91833f83ae208fae7752999fa3104 -> 
  custom:container-demuxer-webm: 4f35f7cbe854078d1ac9338744f61a02 -> 
  custom:container-muxer-webm: aa71ff27fc2769a1b78a27578f13a17b -> 
  custom:video-decoder-webm-vp8: 9c59270c3fd7afecdb556c50c9e8de78 -> 
  custom:SearchIndexIgnoredProperties: e643bd26f0fe6173181afceb89e7c659 -> 
  custom:AudioImporter_EditorPlatform: d09bf68614088b80899f8185d706f6e7 -> 
  custom:video-encoder-webm-vp8: eb34c28f22e8b96e1ab97ce403110664 -> 
  custom:audio-decoder-ogg-vorbis: bf7c407c2cedff20999df2af8eb42d56 -> 
  custom:audio-encoder-webm-vorbis: bf7c407c2cedff20999df2af8eb42d56 -> 
========================================================================
Received Import Request.
  Time since last request: 8038.017141 seconds.
  path: Assets/Art/Modles/Foods/Fantastic Food Pack/prefabs/P_PROP_bottle_01.prefab
  artifactKey: Guid(6847eb46affb403428b3318ca1c16b7f) Importer(815301076,1909f56bfc062723c751e8b465ee728b)
Start importing Assets/Art/Modles/Foods/Fantastic Food Pack/prefabs/P_PROP_bottle_01.prefab using Guid(6847eb46affb403428b3318ca1c16b7f) Importer(815301076,1909f56bfc062723c751e8b465ee728b) [PhysX] Initialized MultithreadedTaskDispatcher with 20 workers.
[PhysX] Initialized MultithreadedTaskDispatcher with 20 workers.
 -> (artifact id: '76a2ff24b42cde8cabff550581f06a8c') in 0.355318 seconds
Number of updated asset objects reloaded before import = 0
Number of asset objects unloaded after import = 30
========================================================================
Received Import Request.
  Time since last request: 1.568305 seconds.
  path: Assets/Art/Modles/Foods/Fantastic Food Pack/scenes/demoscene_food.unity
  artifactKey: Guid(cc292d5b0d88d3e478efd51dd88f404f) Importer(815301076,1909f56bfc062723c751e8b465ee728b)
Start importing Assets/Art/Modles/Foods/Fantastic Food Pack/scenes/demoscene_food.unity using Guid(cc292d5b0d88d3e478efd51dd88f404f) Importer(815301076,1909f56bfc062723c751e8b465ee728b) [PhysX] Initialized MultithreadedTaskDispatcher with 20 workers.
 -> (artifact id: '4bc33244fe01de35320429b2ef9730c2') in 0.001070 seconds
Number of updated asset objects reloaded before import = 0
Number of asset objects unloaded after import = 0
========================================================================
Received Import Request.
  Time since last request: 1.801492 seconds.
  path: Assets/Art/Modles/Foods/Fantastic Food Pack/2d/textures
  artifactKey: Guid(b5f6c22b740396247bc310207500b7f4) Importer(815301076,1909f56bfc062723c751e8b465ee728b)
Start importing Assets/Art/Modles/Foods/Fantastic Food Pack/2d/textures using Guid(b5f6c22b740396247bc310207500b7f4) Importer(815301076,1909f56bfc062723c751e8b465ee728b) [PhysX] Initialized MultithreadedTaskDispatcher with 20 workers.
 -> (artifact id: 'f4bc055c1cd4300886f513e83c21adc0') in 0.000754 seconds
Number of updated asset objects reloaded before import = 0
Number of asset objects unloaded after import = 0
========================================================================
Received Import Request.
  Time since last request: 0.036738 seconds.
  path: Assets/Art/Modles/Foods/Fantastic Food Pack/2d/textures/T_cloth_01_BC.png
  artifactKey: Guid(20a25b72d02411a4a8f19b9cb5e1fe8b) Importer(815301076,1909f56bfc062723c751e8b465ee728b)
Start importing Assets/Art/Modles/Foods/Fantastic Food Pack/2d/textures/T_cloth_01_BC.png using Guid(20a25b72d02411a4a8f19b9cb5e1fe8b) Importer(815301076,1909f56bfc062723c751e8b465ee728b) [PhysX] Initialized MultithreadedTaskDispatcher with 20 workers.
[PhysX] Initialized MultithreadedTaskDispatcher with 20 workers.
 -> (artifact id: '2bd1183e93cccf9459c8f48dcbd2a14c') in 0.075332 seconds
Number of updated asset objects reloaded before import = 0
Number of asset objects unloaded after import = 2
========================================================================
Received Import Request.
  Time since last request: 0.000144 seconds.
  path: Assets/Art/Modles/Foods/Fantastic Food Pack/2d/textures/T_PROP_food_MTSM.tga
  artifactKey: Guid(61aebd76e3ea7454a85a07f19dd05669) Importer(815301076,1909f56bfc062723c751e8b465ee728b)
Start importing Assets/Art/Modles/Foods/Fantastic Food Pack/2d/textures/T_PROP_food_MTSM.tga using Guid(61aebd76e3ea7454a85a07f19dd05669) Importer(815301076,1909f56bfc062723c751e8b465ee728b) [PhysX] Initialized MultithreadedTaskDispatcher with 20 workers.
[PhysX] Initialized MultithreadedTaskDispatcher with 20 workers.
 -> (artifact id: 'b00b6fbf678da52635b803cbda69e34e') in 0.011529 seconds
Number of updated asset objects reloaded before import = 0
Number of asset objects unloaded after import = 2
========================================================================
Received Import Request.
  Time since last request: 0.000042 seconds.
  path: Assets/Art/Modles/Foods/Fantastic Food Pack/2d/textures/T_wood_planks_02_N.png
  artifactKey: Guid(9483327b418a2c0458acbe9d26275252) Importer(815301076,1909f56bfc062723c751e8b465ee728b)
Start importing Assets/Art/Modles/Foods/Fantastic Food Pack/2d/textures/T_wood_planks_02_N.png using Guid(9483327b418a2c0458acbe9d26275252) Importer(815301076,1909f56bfc062723c751e8b465ee728b) [PhysX] Initialized MultithreadedTaskDispatcher with 20 workers.
[PhysX] Initialized MultithreadedTaskDispatcher with 20 workers.
 -> (artifact id: '8a9d32b25959fa43ee18769e0e1b8a57') in 0.019031 seconds
Number of updated asset objects reloaded before import = 0
Number of asset objects unloaded after import = 2
========================================================================
Received Import Request.
  Time since last request: 0.598952 seconds.
  path: Assets/Art/Modles/Foods/Fantastic Food Pack/2d/textures/T_wood_planks_03_BC.png
  artifactKey: Guid(ecf2d43c7afd21e41a450fd876eed9a1) Importer(815301076,1909f56bfc062723c751e8b465ee728b)
Start importing Assets/Art/Modles/Foods/Fantastic Food Pack/2d/textures/T_wood_planks_03_BC.png using Guid(ecf2d43c7afd21e41a450fd876eed9a1) Importer(815301076,1909f56bfc062723c751e8b465ee728b) [PhysX] Initialized MultithreadedTaskDispatcher with 20 workers.
[PhysX] Initialized MultithreadedTaskDispatcher with 20 workers.
 -> (artifact id: 'c888d7480b29ad439a6b54400e868f63') in 0.016074 seconds
Number of updated asset objects reloaded before import = 0
Number of asset objects unloaded after import = 2
========================================================================
Received Import Request.
  Time since last request: 5.098348 seconds.
  path: Assets/Art/Modles/Foods/Fantastic Food Pack/prefabs/P_PROP_bowl_wood_01.prefab
  artifactKey: Guid(14b977276b0131c45a4f40286a794fe9) Importer(815301076,1909f56bfc062723c751e8b465ee728b)
Start importing Assets/Art/Modles/Foods/Fantastic Food Pack/prefabs/P_PROP_bowl_wood_01.prefab using Guid(14b977276b0131c45a4f40286a794fe9) Importer(815301076,1909f56bfc062723c751e8b465ee728b) [PhysX] Initialized MultithreadedTaskDispatcher with 20 workers.
[PhysX] Initialized MultithreadedTaskDispatcher with 20 workers.
 -> (artifact id: 'bf3040e59724b56bebc72dc3ed783ba3') in 0.034393 seconds
Number of updated asset objects reloaded before import = 0
Number of asset objects unloaded after import = 13
========================================================================
Received Import Request.
  Time since last request: 0.054973 seconds.
  path: Assets/Art/Modles/Foods/Fantastic Food Pack/prefabs/P_PROP_bowl_wood_04.prefab
  artifactKey: Guid(69d3388febd49924ab953be0e9108e91) Importer(815301076,1909f56bfc062723c751e8b465ee728b)
Start importing Assets/Art/Modles/Foods/Fantastic Food Pack/prefabs/P_PROP_bowl_wood_04.prefab using Guid(69d3388febd49924ab953be0e9108e91) Importer(815301076,1909f56bfc062723c751e8b465ee728b) [PhysX] Initialized MultithreadedTaskDispatcher with 20 workers.
[PhysX] Initialized MultithreadedTaskDispatcher with 20 workers.
 -> (artifact id: 'ac5ba5a55de74f18f90fb6cee0b40f32') in 0.030635 seconds
Number of updated asset objects reloaded before import = 0
Number of asset objects unloaded after import = 16
========================================================================
Received Import Request.
  Time since last request: 0.108177 seconds.
  path: Assets/Art/Modles/Foods/Fantastic Food Pack/prefabs/P_PROP_bowl_wood_05.prefab
  artifactKey: Guid(b5913198557447f46b81e1cf82753ba0) Importer(815301076,1909f56bfc062723c751e8b465ee728b)
Start importing Assets/Art/Modles/Foods/Fantastic Food Pack/prefabs/P_PROP_bowl_wood_05.prefab using Guid(b5913198557447f46b81e1cf82753ba0) Importer(815301076,1909f56bfc062723c751e8b465ee728b) [PhysX] Initialized MultithreadedTaskDispatcher with 20 workers.
[PhysX] Initialized MultithreadedTaskDispatcher with 20 workers.
 -> (artifact id: 'e8e4a3872d488ff68d2de2e29b202162') in 0.030902 seconds
Number of updated asset objects reloaded before import = 0
Number of asset objects unloaded after import = 16
========================================================================
Received Import Request.
  Time since last request: 0.045437 seconds.
  path: Assets/Art/Modles/Foods/Fantastic Food Pack/prefabs/P_PROP_crate_03.prefab
  artifactKey: Guid(f843dca3045eace41a48c6508b818cb3) Importer(815301076,1909f56bfc062723c751e8b465ee728b)
Start importing Assets/Art/Modles/Foods/Fantastic Food Pack/prefabs/P_PROP_crate_03.prefab using Guid(f843dca3045eace41a48c6508b818cb3) Importer(815301076,1909f56bfc062723c751e8b465ee728b) [PhysX] Initialized MultithreadedTaskDispatcher with 20 workers.
[PhysX] Initialized MultithreadedTaskDispatcher with 20 workers.
 -> (artifact id: 'e82f6752dead9f387d6f150152719552') in 0.020318 seconds
Number of updated asset objects reloaded before import = 0
Number of asset objects unloaded after import = 16
========================================================================
Received Import Request.
  Time since last request: 0.144678 seconds.
  path: Assets/Art/Modles/Foods/Fantastic Food Pack/prefabs/P_PROP_crate_04.prefab
  artifactKey: Guid(a81599a5721836945a8bc0bb3df7c476) Importer(815301076,1909f56bfc062723c751e8b465ee728b)
Start importing Assets/Art/Modles/Foods/Fantastic Food Pack/prefabs/P_PROP_crate_04.prefab using Guid(a81599a5721836945a8bc0bb3df7c476) Importer(815301076,1909f56bfc062723c751e8b465ee728b) [PhysX] Initialized MultithreadedTaskDispatcher with 20 workers.
[PhysX] Initialized MultithreadedTaskDispatcher with 20 workers.
 -> (artifact id: '7c379475f7b3b009ca5b19acdc09921f') in 0.025094 seconds
Number of updated asset objects reloaded before import = 0
Number of asset objects unloaded after import = 16
========================================================================
Received Import Request.
  Time since last request: 0.015709 seconds.
  path: Assets/Art/Modles/Foods/Fantastic Food Pack/prefabs/P_PROP_food_apple.prefab
  artifactKey: Guid(87f5ac6c4eb9aaa47adfc19ff8b280eb) Importer(815301076,1909f56bfc062723c751e8b465ee728b)
Start importing Assets/Art/Modles/Foods/Fantastic Food Pack/prefabs/P_PROP_food_apple.prefab using Guid(87f5ac6c4eb9aaa47adfc19ff8b280eb) Importer(815301076,1909f56bfc062723c751e8b465ee728b) [PhysX] Initialized MultithreadedTaskDispatcher with 20 workers.
[PhysX] Initialized MultithreadedTaskDispatcher with 20 workers.
 -> (artifact id: 'dd7690aebd910534c0b52c3a0d97ac3a') in 0.018188 seconds
Number of updated asset objects reloaded before import = 0
Number of asset objects unloaded after import = 12
========================================================================
Received Import Request.
  Time since last request: 0.001569 seconds.
  path: Assets/Art/Modles/Foods/Fantastic Food Pack/prefabs/P_PROP_food_banana_01.prefab
  artifactKey: Guid(d391d44ef7c8ccc458a5d8c3b4a8f8d5) Importer(815301076,1909f56bfc062723c751e8b465ee728b)
Start importing Assets/Art/Modles/Foods/Fantastic Food Pack/prefabs/P_PROP_food_banana_01.prefab using Guid(d391d44ef7c8ccc458a5d8c3b4a8f8d5) Importer(815301076,1909f56bfc062723c751e8b465ee728b) [PhysX] Initialized MultithreadedTaskDispatcher with 20 workers.
[PhysX] Initialized MultithreadedTaskDispatcher with 20 workers.
 -> (artifact id: '1c1e777cef0ff2ff3462a62fbd3f731c') in 0.014713 seconds
Number of updated asset objects reloaded before import = 0
Number of asset objects unloaded after import = 12
========================================================================
Received Import Request.
  Time since last request: 5.871849 seconds.
  path: Assets/Art/Modles/Foods/Fantastic Food Pack/prefabs/P_PROP_bottle_01.prefab
  artifactKey: Guid(6847eb46affb403428b3318ca1c16b7f) Importer(815301076,1909f56bfc062723c751e8b465ee728b)
Start importing Assets/Art/Modles/Foods/Fantastic Food Pack/prefabs/P_PROP_bottle_01.prefab using Guid(6847eb46affb403428b3318ca1c16b7f) Importer(815301076,1909f56bfc062723c751e8b465ee728b) [PhysX] Initialized MultithreadedTaskDispatcher with 20 workers.
[PhysX] Initialized MultithreadedTaskDispatcher with 20 workers.
 -> (artifact id: 'f1e4ddc286d27e0cda93c224702557e8') in 0.383287 seconds
Number of updated asset objects reloaded before import = 0
Number of asset objects unloaded after import = 12
========================================================================
Received Import Request.
  Time since last request: 0.000029 seconds.
  path: Assets/Art/Modles/Foods/Fantastic Food Pack/prefabs/P_PROP_bottle_05.prefab
  artifactKey: Guid(2713123f8434a9a4cb505741392f7f1c) Importer(815301076,1909f56bfc062723c751e8b465ee728b)
Start importing Assets/Art/Modles/Foods/Fantastic Food Pack/prefabs/P_PROP_bottle_05.prefab using Guid(2713123f8434a9a4cb505741392f7f1c) Importer(815301076,1909f56bfc062723c751e8b465ee728b) [PhysX] Initialized MultithreadedTaskDispatcher with 20 workers.
[PhysX] Initialized MultithreadedTaskDispatcher with 20 workers.
 -> (artifact id: 'f304f89d4a789a610bfe75b83264151d') in 0.020625 seconds
Number of updated asset objects reloaded before import = 0
Number of asset objects unloaded after import = 12
========================================================================
Received Import Request.
  Time since last request: 1.514071 seconds.
  path: Assets/Art/Modles/Foods/Fantastic Food Pack/materials/M_cloth.mat
  artifactKey: Guid(06c637436feadf444a50fda13bc5ce6d) Importer(815301076,1909f56bfc062723c751e8b465ee728b)
Start importing Assets/Art/Modles/Foods/Fantastic Food Pack/materials/M_cloth.mat using Guid(06c637436feadf444a50fda13bc5ce6d) Importer(815301076,1909f56bfc062723c751e8b465ee728b) [PhysX] Initialized MultithreadedTaskDispatcher with 20 workers.
[PhysX] Initialized MultithreadedTaskDispatcher with 20 workers.
 -> (artifact id: '1226fe85fa87e2e984105e53b3d2a1bb') in 0.461921 seconds
Number of updated asset objects reloaded before import = 0
Number of asset objects unloaded after import = 5
========================================================================
Received Import Request.
  Time since last request: 1.064699 seconds.
  path: Assets/Art/Modles/Foods/Fantastic Food Pack/3d/SM_PROP_bottle_01.fbx
  artifactKey: Guid(7d1ff622bf1d3bf41ae619bf74be515c) Importer(815301076,1909f56bfc062723c751e8b465ee728b)
Start importing Assets/Art/Modles/Foods/Fantastic Food Pack/3d/SM_PROP_bottle_01.fbx using Guid(7d1ff622bf1d3bf41ae619bf74be515c) Importer(815301076,1909f56bfc062723c751e8b465ee728b) [PhysX] Initialized MultithreadedTaskDispatcher with 20 workers.
[PhysX] Initialized MultithreadedTaskDispatcher with 20 workers.
[PhysX] Initialized MultithreadedTaskDispatcher with 20 workers.
 -> (artifact id: 'f8fc508f9a2d3280e324d638e2637555') in 0.124297 seconds
Number of updated asset objects reloaded before import = 0
Number of asset objects unloaded after import = 11
========================================================================
Received Import Request.
  Time since last request: 0.000054 seconds.
  path: Assets/Art/Modles/Foods/Fantastic Food Pack/3d/SM_PROP_bottle_08.fbx
  artifactKey: Guid(4c9545d740e0e414f9f1507666d54951) Importer(815301076,1909f56bfc062723c751e8b465ee728b)
Start importing Assets/Art/Modles/Foods/Fantastic Food Pack/3d/SM_PROP_bottle_08.fbx using Guid(4c9545d740e0e414f9f1507666d54951) Importer(815301076,1909f56bfc062723c751e8b465ee728b) [PhysX] Initialized MultithreadedTaskDispatcher with 20 workers.
[PhysX] Initialized MultithreadedTaskDispatcher with 20 workers.
[PhysX] Initialized MultithreadedTaskDispatcher with 20 workers.
 -> (artifact id: 'f84e81d7dc2fdf799ee1128a5a5e94f2') in 0.023936 seconds
Number of updated asset objects reloaded before import = 0
Number of asset objects unloaded after import = 11
========================================================================
Received Import Request.
  Time since last request: 0.655443 seconds.
  path: Assets/Art/Modles/Foods/Fantastic Food Pack/3d/SM_PROP_bowl_wood_01.fbx
  artifactKey: Guid(23c8c5456398c604a9a32ec9126562af) Importer(815301076,1909f56bfc062723c751e8b465ee728b)
Start importing Assets/Art/Modles/Foods/Fantastic Food Pack/3d/SM_PROP_bowl_wood_01.fbx using Guid(23c8c5456398c604a9a32ec9126562af) Importer(815301076,1909f56bfc062723c751e8b465ee728b) [PhysX] Initialized MultithreadedTaskDispatcher with 20 workers.
[PhysX] Initialized MultithreadedTaskDispatcher with 20 workers.
[PhysX] Initialized MultithreadedTaskDispatcher with 20 workers.
 -> (artifact id: 'c0dc6b07fc2163a7bce2b0e3d9b29974') in 0.033043 seconds
Number of updated asset objects reloaded before import = 0
Number of asset objects unloaded after import = 12
========================================================================
Received Import Request.
  Time since last request: 0.027341 seconds.
  path: Assets/Art/Modles/Foods/Fantastic Food Pack/3d/SM_PROP_bowl_wood_04.fbx
  artifactKey: Guid(066cee02318f63d46bb95ea993e0c769) Importer(815301076,1909f56bfc062723c751e8b465ee728b)
Start importing Assets/Art/Modles/Foods/Fantastic Food Pack/3d/SM_PROP_bowl_wood_04.fbx using Guid(066cee02318f63d46bb95ea993e0c769) Importer(815301076,1909f56bfc062723c751e8b465ee728b) [PhysX] Initialized MultithreadedTaskDispatcher with 20 workers.
[PhysX] Initialized MultithreadedTaskDispatcher with 20 workers.
[PhysX] Initialized MultithreadedTaskDispatcher with 20 workers.
 -> (artifact id: 'a6ad8af03ddedaffb29afe2e14f70588') in 0.032328 seconds
Number of updated asset objects reloaded before import = 0
Number of asset objects unloaded after import = 15
========================================================================
Received Import Request.
  Time since last request: 0.113215 seconds.
  path: Assets/Art/Modles/Foods/Fantastic Food Pack/3d/SM_PROP_bowl_wood_05.fbx
  artifactKey: Guid(32a4466a1a4483846a7df344f2c79559) Importer(815301076,1909f56bfc062723c751e8b465ee728b)
Start importing Assets/Art/Modles/Foods/Fantastic Food Pack/3d/SM_PROP_bowl_wood_05.fbx using Guid(32a4466a1a4483846a7df344f2c79559) Importer(815301076,1909f56bfc062723c751e8b465ee728b) [PhysX] Initialized MultithreadedTaskDispatcher with 20 workers.
[PhysX] Initialized MultithreadedTaskDispatcher with 20 workers.
[PhysX] Initialized MultithreadedTaskDispatcher with 20 workers.
 -> (artifact id: '02b7c6f675c831bc2fe351b2681eecfa') in 0.031669 seconds
Number of updated asset objects reloaded before import = 0
Number of asset objects unloaded after import = 15
========================================================================
Received Import Request.
  Time since last request: 0.019455 seconds.
  path: Assets/Art/Modles/Foods/Fantastic Food Pack/3d/SM_PROP_crate_03.fbx
  artifactKey: Guid(973cbc6d2de7bfb4b863ac6891ee424f) Importer(815301076,1909f56bfc062723c751e8b465ee728b)
Start importing Assets/Art/Modles/Foods/Fantastic Food Pack/3d/SM_PROP_crate_03.fbx using Guid(973cbc6d2de7bfb4b863ac6891ee424f) Importer(815301076,1909f56bfc062723c751e8b465ee728b) [PhysX] Initialized MultithreadedTaskDispatcher with 20 workers.
[PhysX] Initialized MultithreadedTaskDispatcher with 20 workers.
[PhysX] Initialized MultithreadedTaskDispatcher with 20 workers.
 -> (artifact id: 'e00e1d7fa5ef7b57ef5519eb31b93ddd') in 0.033690 seconds
Number of updated asset objects reloaded before import = 0
Number of asset objects unloaded after import = 15
========================================================================
Received Import Request.
  Time since last request: 1.642679 seconds.
  path: Assets/Art/Modles/Foods/Fantastic Food Pack/3d/SM_PROP_crate_05.fbx
  artifactKey: Guid(1e45d9d30a02864469fb5d8b4383ea9f) Importer(815301076,1909f56bfc062723c751e8b465ee728b)
Start importing Assets/Art/Modles/Foods/Fantastic Food Pack/3d/SM_PROP_crate_05.fbx using Guid(1e45d9d30a02864469fb5d8b4383ea9f) Importer(815301076,1909f56bfc062723c751e8b465ee728b) [PhysX] Initialized MultithreadedTaskDispatcher with 20 workers.
[PhysX] Initialized MultithreadedTaskDispatcher with 20 workers.
[PhysX] Initialized MultithreadedTaskDispatcher with 20 workers.
 -> (artifact id: 'a896d4ff7b7cafa7b417c80985327182') in 0.035688 seconds
Number of updated asset objects reloaded before import = 0
Number of asset objects unloaded after import = 15
========================================================================
Received Import Request.
  Time since last request: 0.223865 seconds.
  path: Assets/Art/Modles/Foods/Fantastic Food Pack/3d/SM_PROP_food_banana_02.fbx
  artifactKey: Guid(6939017944c62ff43bf13647f647247d) Importer(815301076,1909f56bfc062723c751e8b465ee728b)
Start importing Assets/Art/Modles/Foods/Fantastic Food Pack/3d/SM_PROP_food_banana_02.fbx using Guid(6939017944c62ff43bf13647f647247d) Importer(815301076,1909f56bfc062723c751e8b465ee728b) [PhysX] Initialized MultithreadedTaskDispatcher with 20 workers.
[PhysX] Initialized MultithreadedTaskDispatcher with 20 workers.
[PhysX] Initialized MultithreadedTaskDispatcher with 20 workers.
 -> (artifact id: '89bea6356677f6977f3ef77d4a66636f') in 0.026484 seconds
Number of updated asset objects reloaded before import = 0
Number of asset objects unloaded after import = 11
========================================================================
Received Import Request.
  Time since last request: 0.042675 seconds.
  path: Assets/Art/Modles/Foods/Fantastic Food Pack/3d/SM_PROP_food_bread_03.fbx
  artifactKey: Guid(761598aa6b5bc7145bc5661cf9acab46) Importer(815301076,1909f56bfc062723c751e8b465ee728b)
Start importing Assets/Art/Modles/Foods/Fantastic Food Pack/3d/SM_PROP_food_bread_03.fbx using Guid(761598aa6b5bc7145bc5661cf9acab46) Importer(815301076,1909f56bfc062723c751e8b465ee728b) [PhysX] Initialized MultithreadedTaskDispatcher with 20 workers.
[PhysX] Initialized MultithreadedTaskDispatcher with 20 workers.
[PhysX] Initialized MultithreadedTaskDispatcher with 20 workers.
 -> (artifact id: '2c39c447383a05b198063c5037c5e7e4') in 0.017799 seconds
Number of updated asset objects reloaded before import = 0
Number of asset objects unloaded after import = 11
========================================================================
Received Import Request.
  Time since last request: 26.497100 seconds.
  path: Assets/Art/Modles/Foods/Fantastic Food Pack/3d/SM_PROP_food_bread_04.fbx
  artifactKey: Guid(147789f2c3d7149468f07d250d897d6b) Importer(815301076,1909f56bfc062723c751e8b465ee728b)
Start importing Assets/Art/Modles/Foods/Fantastic Food Pack/3d/SM_PROP_food_bread_04.fbx using Guid(147789f2c3d7149468f07d250d897d6b) Importer(815301076,1909f56bfc062723c751e8b465ee728b) [PhysX] Initialized MultithreadedTaskDispatcher with 20 workers.
[PhysX] Initialized MultithreadedTaskDispatcher with 20 workers.
[PhysX] Initialized MultithreadedTaskDispatcher with 20 workers.
 -> (artifact id: '61713190dea488b8877b92d4bc0f9149') in 0.026475 seconds
Number of updated asset objects reloaded before import = 0
Number of asset objects unloaded after import = 11
========================================================================
Received Import Request.
  Time since last request: 0.154633 seconds.
  path: Assets/Art/Modles/Foods/Fantastic Food Pack/3d/SM_PROP_food_bread_05.fbx
  artifactKey: Guid(c26749735a9b42d47a860672c99330ba) Importer(815301076,1909f56bfc062723c751e8b465ee728b)
Start importing Assets/Art/Modles/Foods/Fantastic Food Pack/3d/SM_PROP_food_bread_05.fbx using Guid(c26749735a9b42d47a860672c99330ba) Importer(815301076,1909f56bfc062723c751e8b465ee728b) [PhysX] Initialized MultithreadedTaskDispatcher with 20 workers.
[PhysX] Initialized MultithreadedTaskDispatcher with 20 workers.
[PhysX] Initialized MultithreadedTaskDispatcher with 20 workers.
 -> (artifact id: '24a3bb6c2d653d527a371173797a302d') in 0.046216 seconds
Number of updated asset objects reloaded before import = 0
Number of asset objects unloaded after import = 11
========================================================================
Received Import Request.
  Time since last request: 0.169638 seconds.
  path: Assets/Art/Modles/Foods/Fantastic Food Pack/3d/SM_PROP_food_bread_07.fbx
  artifactKey: Guid(2cb6b5b9d4691c844883e08c283b7b1d) Importer(815301076,1909f56bfc062723c751e8b465ee728b)
Start importing Assets/Art/Modles/Foods/Fantastic Food Pack/3d/SM_PROP_food_bread_07.fbx using Guid(2cb6b5b9d4691c844883e08c283b7b1d) Importer(815301076,1909f56bfc062723c751e8b465ee728b) [PhysX] Initialized MultithreadedTaskDispatcher with 20 workers.
[PhysX] Initialized MultithreadedTaskDispatcher with 20 workers.
[PhysX] Initialized MultithreadedTaskDispatcher with 20 workers.
 -> (artifact id: '212a89852a6375bbc61835fca6d10c36') in 0.039628 seconds
Number of updated asset objects reloaded before import = 0
Number of asset objects unloaded after import = 11
========================================================================
Received Import Request.
  Time since last request: 0.822620 seconds.
  path: Assets/Art/Modles/Foods/Fantastic Food Pack/3d/SM_PROP_food_bread_10.fbx
  artifactKey: Guid(82536a16e65e31d4a894ba8e966bb40a) Importer(815301076,1909f56bfc062723c751e8b465ee728b)
Start importing Assets/Art/Modles/Foods/Fantastic Food Pack/3d/SM_PROP_food_bread_10.fbx using Guid(82536a16e65e31d4a894ba8e966bb40a) Importer(815301076,1909f56bfc062723c751e8b465ee728b) [PhysX] Initialized MultithreadedTaskDispatcher with 20 workers.
[PhysX] Initialized MultithreadedTaskDispatcher with 20 workers.
[PhysX] Initialized MultithreadedTaskDispatcher with 20 workers.
 -> (artifact id: 'e5d2151237a770e06f727bf7c1c28a3c') in 0.031798 seconds
Number of updated asset objects reloaded before import = 0
Number of asset objects unloaded after import = 11
========================================================================
Received Import Request.
  Time since last request: 0.016913 seconds.
  path: Assets/Art/Modles/Foods/Fantastic Food Pack/3d/SM_PROP_food_carrot_01.fbx
  artifactKey: Guid(25cd413e0d6fb6348806d2dcd4bd3b8a) Importer(815301076,1909f56bfc062723c751e8b465ee728b)
Start importing Assets/Art/Modles/Foods/Fantastic Food Pack/3d/SM_PROP_food_carrot_01.fbx using Guid(25cd413e0d6fb6348806d2dcd4bd3b8a) Importer(815301076,1909f56bfc062723c751e8b465ee728b) [PhysX] Initialized MultithreadedTaskDispatcher with 20 workers.
[PhysX] Initialized MultithreadedTaskDispatcher with 20 workers.
[PhysX] Initialized MultithreadedTaskDispatcher with 20 workers.
 -> (artifact id: '7829c3733ed03c59c1507ce520203f1a') in 0.023351 seconds
Number of updated asset objects reloaded before import = 0
Number of asset objects unloaded after import = 11
========================================================================
Received Import Request.
  Time since last request: 0.292063 seconds.
  path: Assets/Art/Modles/Foods/Fantastic Food Pack/3d/SM_PROP_food_carrot_02.fbx
  artifactKey: Guid(6e2f60abb4444fd49abbf8ccbdfcad80) Importer(815301076,1909f56bfc062723c751e8b465ee728b)
Start importing Assets/Art/Modles/Foods/Fantastic Food Pack/3d/SM_PROP_food_carrot_02.fbx using Guid(6e2f60abb4444fd49abbf8ccbdfcad80) Importer(815301076,1909f56bfc062723c751e8b465ee728b) [PhysX] Initialized MultithreadedTaskDispatcher with 20 workers.
[PhysX] Initialized MultithreadedTaskDispatcher with 20 workers.
[PhysX] Initialized MultithreadedTaskDispatcher with 20 workers.
 -> (artifact id: 'fe8d6e7e7a015f166a561a2cd5ea5571') in 0.022329 seconds
Number of updated asset objects reloaded before import = 0
Number of asset objects unloaded after import = 11
========================================================================
Received Import Request.
  Time since last request: 0.035345 seconds.
  path: Assets/Art/Modles/Foods/Fantastic Food Pack/3d/SM_PROP_food_cheese_02.fbx
  artifactKey: Guid(095ea73d7a55a774bab2686d00425af4) Importer(815301076,1909f56bfc062723c751e8b465ee728b)
Start importing Assets/Art/Modles/Foods/Fantastic Food Pack/3d/SM_PROP_food_cheese_02.fbx using Guid(095ea73d7a55a774bab2686d00425af4) Importer(815301076,1909f56bfc062723c751e8b465ee728b) [PhysX] Initialized MultithreadedTaskDispatcher with 20 workers.
[PhysX] Initialized MultithreadedTaskDispatcher with 20 workers.
[PhysX] Initialized MultithreadedTaskDispatcher with 20 workers.
 -> (artifact id: 'd50aebf6cdda0ef5e20efc6f054b17f5') in 0.016811 seconds
Number of updated asset objects reloaded before import = 0
Number of asset objects unloaded after import = 11
========================================================================
Received Import Request.
  Time since last request: 1.389425 seconds.
  path: Assets/Art/Modles/Foods/Fantastic Food Pack/3d/SM_PROP_food_cheese_03.fbx
  artifactKey: Guid(6e1fb6cf72248354eaedd8e4f568176d) Importer(815301076,1909f56bfc062723c751e8b465ee728b)
Start importing Assets/Art/Modles/Foods/Fantastic Food Pack/3d/SM_PROP_food_cheese_03.fbx using Guid(6e1fb6cf72248354eaedd8e4f568176d) Importer(815301076,1909f56bfc062723c751e8b465ee728b) [PhysX] Initialized MultithreadedTaskDispatcher with 20 workers.
[PhysX] Initialized MultithreadedTaskDispatcher with 20 workers.
[PhysX] Initialized MultithreadedTaskDispatcher with 20 workers.
 -> (artifact id: 'ebee62a5febca4a752e15f556a03d45d') in 0.022645 seconds
Number of updated asset objects reloaded before import = 0
Number of asset objects unloaded after import = 11
========================================================================
Received Import Request.
  Time since last request: 43.324843 seconds.
  path: Assets/Art/Modles/Foods/Fantastic Food Pack/3d/SM_PROP_crate_04.fbx
  artifactKey: Guid(fdf50f94977cc674f873399e57c68e90) Importer(815301076,1909f56bfc062723c751e8b465ee728b)
Start importing Assets/Art/Modles/Foods/Fantastic Food Pack/3d/SM_PROP_crate_04.fbx using Guid(fdf50f94977cc674f873399e57c68e90) Importer(815301076,1909f56bfc062723c751e8b465ee728b) [PhysX] Initialized MultithreadedTaskDispatcher with 20 workers.
[PhysX] Initialized MultithreadedTaskDispatcher with 20 workers.
[PhysX] Initialized MultithreadedTaskDispatcher with 20 workers.
 -> (artifact id: '8719b39a4cd49698975416ee2d889a91') in 0.056137 seconds
Number of updated asset objects reloaded before import = 0
Number of asset objects unloaded after import = 15
========================================================================
Received Import Request.
  Time since last request: 0.000037 seconds.
  path: Assets/Art/Modles/Foods/Fantastic Food Pack/3d/SM_PROP_food_bellpepper.fbx
  artifactKey: Guid(70e3e7a756a1a3641947fe84ef09bb90) Importer(815301076,1909f56bfc062723c751e8b465ee728b)
Start importing Assets/Art/Modles/Foods/Fantastic Food Pack/3d/SM_PROP_food_bellpepper.fbx using Guid(70e3e7a756a1a3641947fe84ef09bb90) Importer(815301076,1909f56bfc062723c751e8b465ee728b) [PhysX] Initialized MultithreadedTaskDispatcher with 20 workers.
[PhysX] Initialized MultithreadedTaskDispatcher with 20 workers.
[PhysX] Initialized MultithreadedTaskDispatcher with 20 workers.
 -> (artifact id: 'ab0b659519d4f75e9f287cb00a51ad23') in 0.031190 seconds
Number of updated asset objects reloaded before import = 0
Number of asset objects unloaded after import = 11
========================================================================
Received Import Request.
  Time since last request: 0.000037 seconds.
  path: Assets/Art/Modles/Foods/Fantastic Food Pack/3d/SM_PROP_food_banana_02.fbx
  artifactKey: Guid(6939017944c62ff43bf13647f647247d) Importer(815301076,1909f56bfc062723c751e8b465ee728b)
Start importing Assets/Art/Modles/Foods/Fantastic Food Pack/3d/SM_PROP_food_banana_02.fbx using Guid(6939017944c62ff43bf13647f647247d) Importer(815301076,1909f56bfc062723c751e8b465ee728b) [PhysX] Initialized MultithreadedTaskDispatcher with 20 workers.
[PhysX] Initialized MultithreadedTaskDispatcher with 20 workers.
[PhysX] Initialized MultithreadedTaskDispatcher with 20 workers.
 -> (artifact id: '9c6dd03bea861109ad75c502f6508348') in 0.029465 seconds
Number of updated asset objects reloaded before import = 0
Number of asset objects unloaded after import = 11
========================================================================
Received Prepare
Caller must complete domain reload
Begin MonoManager ReloadAssembly
- Loaded All Assemblies, in  0.794 seconds
Native extension for WindowsStandalone target not found
Native extension for Android target not found
[Package Manager] Server::EnsureServerProcessIsRunning -- launch failed, reason: Unity was launched with the -noUpm command-line argument
[Package Manager] UpmClient::Send -- Unable to send message (not connected to UPM process).
[Package Manager] Cannot connect to Unity Package Manager local server
System.Reflection.TargetInvocationException: Exception has been thrown by the target of an invocation. ---> System.NullReferenceException: Object reference not set to an instance of an object
  at Unity.XR.Oculus.OculusLoader.AssetPathToAbsolutePath (System.String assetPath) [0x0003d] in .\Library\PackageCache\com.unity.xr.oculus@4.2.0\Runtime\OculusLoader.cs:298 
  at Unity.XR.Oculus.OculusLoader.EditorLoadOVRPlugin () [0x0008c] in .\Library\PackageCache\com.unity.xr.oculus@4.2.0\Runtime\OculusLoader.cs:283 
  at (wrapper managed-to-native) System.Reflection.RuntimeMethodInfo.InternalInvoke(System.Reflection.RuntimeMethodInfo,object,object[],System.Exception&)
  at System.Reflection.RuntimeMethodInfo.Invoke (System.Object obj, System.Reflection.BindingFlags invokeAttr, System.Reflection.Binder binder, System.Object[] parameters, System.Globalization.CultureInfo culture) [0x0006a] in <8ce0bd04a7a04b4b9395538239d3fdd8>:0 
   --- End of inner exception stack trace ---
  at System.Reflection.RuntimeMethodInfo.Invoke (System.Object obj, System.Reflection.BindingFlags invokeAttr, System.Reflection.Binder binder, System.Object[] parameters, System.Globalization.CultureInfo culture) [0x00083] in <8ce0bd04a7a04b4b9395538239d3fdd8>:0 
  at System.Reflection.MethodBase.Invoke (System.Object obj, System.Object[] parameters) [0x00000] in <8ce0bd04a7a04b4b9395538239d3fdd8>:0 
  at UnityEditor.EditorAssemblies.ProcessInitializeOnLoadMethodAttributes () [0x000a5] in <b7cc06396ae047168d7fce5c3a820b53>:0 
UnityEngine.StackTraceUtility:ExtractStackTrace ()
UnityEngine.DebugLogHandler:LogFormat (UnityEngine.LogType,UnityEngine.Object,string,object[])
UnityEngine.Logger:Log (UnityEngine.LogType,object)
UnityEngine.Debug:LogError (object)
UnityEditor.EditorAssemblies:ProcessInitializeOnLoadMethodAttributes ()

Mono: successfully reloaded assembly
[Package Manager] Server::EnsureServerProcessIsRunning -- launch failed, reason: Unity was launched with the -noUpm command-line argument
[Package Manager] UpmClient::Send -- Unable to send message (not connected to UPM process).
[Package Manager] Cannot connect to Unity Package Manager local server
- Finished resetting the current domain, in  2.712 seconds
Domain Reload Profiling: 3485ms
	BeginReloadAssembly (241ms)
		ExecutionOrderSort (0ms)
		DisableScriptedObjects (11ms)
		BackupInstance (0ms)
		ReleaseScriptingObjects (0ms)
		CreateAndSetChildDomain (49ms)
	RebuildCommonClasses (33ms)
	RebuildNativeTypeToScriptingClass (13ms)
	initialDomainReloadingComplete (66ms)
	LoadAllAssembliesAndSetupDomain (419ms)
		LoadAssemblies (518ms)
		RebuildTransferFunctionScriptingTraits (0ms)
		AnalyzeDomain (21ms)
			TypeCache.Refresh (7ms)
				TypeCache.ScanAssembly (0ms)
			ScanForSourceGeneratedMonoScriptInfo (0ms)
			ResolveRequiredComponents (12ms)
	FinalizeReload (2713ms)
		ReleaseScriptCaches (0ms)
		RebuildScriptCaches (0ms)
		SetupLoadedEditorAssemblies (1044ms)
			LogAssemblyErrors (0ms)
			InitializePlatformSupportModulesInManaged (63ms)
			SetLoadedEditorAssemblies (10ms)
			RefreshPlugins (0ms)
			BeforeProcessingInitializeOnLoad (178ms)
			ProcessInitializeOnLoadAttributes (517ms)
			ProcessInitializeOnLoadMethodAttributes (229ms)
			AfterProcessingInitializeOnLoad (46ms)
			EditorAssembliesLoaded (1ms)
		ExecutionOrderSort2 (0ms)
		AwakeInstancesAfterBackupRestoration (25ms)
Refreshing native plugins compatible for Editor in 33.80 ms, found 12 plugins.
Preloading 1 native plugins for Editor in 0.18 ms.
Unloading 5796 Unused Serialized files (Serialized files now loaded: 0)
Unloading 81 unused Assets / (0.6 MB). Loaded Objects now: 6477.
Memory consumption went from 201.7 MB to 201.1 MB.
Total: 3.672300 ms (FindLiveObjects: 0.337200 ms CreateObjectMapping: 0.156900 ms MarkObjects: 3.025200 ms  DeleteObjects: 0.152200 ms)

Prepare: number of updated asset objects reloaded= 0
AssetImportParameters requested are different than current active one (requested -> active):
  custom:container-demuxer-ogg: 62fdf1f143b41e24485cea50d1cbac27 -> 
  custom:video-codec-MediaFoundation-h265: 746d11721c4dcdbdad8f713fa42b33f4 -> 
  custom:video-decoder-ogg-theora: a1e56fd34408186e4bbccfd4996cb3dc -> 
  custom:framework-win-MediaFoundation: 216162199b28c13a410421893ffa2e32 -> 
  custom:CustomObjectIndexerAttribute: 72b91833f83ae208fae7752999fa3104 -> 
  custom:container-demuxer-webm: 4f35f7cbe854078d1ac9338744f61a02 -> 
  custom:container-muxer-webm: aa71ff27fc2769a1b78a27578f13a17b -> 
  custom:video-decoder-webm-vp8: 9c59270c3fd7afecdb556c50c9e8de78 -> 
  custom:SearchIndexIgnoredProperties: e643bd26f0fe6173181afceb89e7c659 -> 
  custom:AudioImporter_EditorPlatform: d09bf68614088b80899f8185d706f6e7 -> 
  custom:video-encoder-webm-vp8: eb34c28f22e8b96e1ab97ce403110664 -> 
  custom:audio-decoder-ogg-vorbis: bf7c407c2cedff20999df2af8eb42d56 -> 
  custom:audio-encoder-webm-vorbis: bf7c407c2cedff20999df2af8eb42d56 -> 
========================================================================
Received Prepare
Caller must complete domain reload
Begin MonoManager ReloadAssembly
- Loaded All Assemblies, in  0.792 seconds
Native extension for WindowsStandalone target not found
Native extension for Android target not found
[Package Manager] Server::EnsureServerProcessIsRunning -- launch failed, reason: Unity was launched with the -noUpm command-line argument
[Package Manager] UpmClient::Send -- Unable to send message (not connected to UPM process).
[Package Manager] Cannot connect to Unity Package Manager local server
System.Reflection.TargetInvocationException: Exception has been thrown by the target of an invocation. ---> System.NullReferenceException: Object reference not set to an instance of an object
  at Unity.XR.Oculus.OculusLoader.AssetPathToAbsolutePath (System.String assetPath) [0x0003d] in .\Library\PackageCache\com.unity.xr.oculus@4.2.0\Runtime\OculusLoader.cs:298 
  at Unity.XR.Oculus.OculusLoader.EditorLoadOVRPlugin () [0x0008c] in .\Library\PackageCache\com.unity.xr.oculus@4.2.0\Runtime\OculusLoader.cs:283 
  at (wrapper managed-to-native) System.Reflection.RuntimeMethodInfo.InternalInvoke(System.Reflection.RuntimeMethodInfo,object,object[],System.Exception&)
  at System.Reflection.RuntimeMethodInfo.Invoke (System.Object obj, System.Reflection.BindingFlags invokeAttr, System.Reflection.Binder binder, System.Object[] parameters, System.Globalization.CultureInfo culture) [0x0006a] in <8ce0bd04a7a04b4b9395538239d3fdd8>:0 
   --- End of inner exception stack trace ---
  at System.Reflection.RuntimeMethodInfo.Invoke (System.Object obj, System.Reflection.BindingFlags invokeAttr, System.Reflection.Binder binder, System.Object[] parameters, System.Globalization.CultureInfo culture) [0x00083] in <8ce0bd04a7a04b4b9395538239d3fdd8>:0 
  at System.Reflection.MethodBase.Invoke (System.Object obj, System.Object[] parameters) [0x00000] in <8ce0bd04a7a04b4b9395538239d3fdd8>:0 
  at UnityEditor.EditorAssemblies.ProcessInitializeOnLoadMethodAttributes () [0x000a5] in <b7cc06396ae047168d7fce5c3a820b53>:0 
UnityEngine.StackTraceUtility:ExtractStackTrace ()
UnityEngine.DebugLogHandler:LogFormat (UnityEngine.LogType,UnityEngine.Object,string,object[])
UnityEngine.Logger:Log (UnityEngine.LogType,object)
UnityEngine.Debug:LogError (object)
UnityEditor.EditorAssemblies:ProcessInitializeOnLoadMethodAttributes ()

Mono: successfully reloaded assembly
[Package Manager] Server::EnsureServerProcessIsRunning -- launch failed, reason: Unity was launched with the -noUpm command-line argument
[Package Manager] UpmClient::Send -- Unable to send message (not connected to UPM process).
[Package Manager] Cannot connect to Unity Package Manager local server
- Finished resetting the current domain, in  2.984 seconds
Domain Reload Profiling: 3756ms
	BeginReloadAssembly (270ms)
		ExecutionOrderSort (0ms)
		DisableScriptedObjects (5ms)
		BackupInstance (0ms)
		ReleaseScriptingObjects (0ms)
		CreateAndSetChildDomain (36ms)
	RebuildCommonClasses (34ms)
	RebuildNativeTypeToScriptingClass (10ms)
	initialDomainReloadingComplete (62ms)
	LoadAllAssembliesAndSetupDomain (393ms)
		LoadAssemblies (541ms)
		RebuildTransferFunctionScriptingTraits (0ms)
		AnalyzeDomain (23ms)
			TypeCache.Refresh (7ms)
				TypeCache.ScanAssembly (0ms)
			ScanForSourceGeneratedMonoScriptInfo (0ms)
			ResolveRequiredComponents (14ms)
	FinalizeReload (2986ms)
		ReleaseScriptCaches (0ms)
		RebuildScriptCaches (0ms)
		SetupLoadedEditorAssemblies (1092ms)
			LogAssemblyErrors (0ms)
			InitializePlatformSupportModulesInManaged (63ms)
			SetLoadedEditorAssemblies (9ms)
			RefreshPlugins (0ms)
			BeforeProcessingInitializeOnLoad (179ms)
			ProcessInitializeOnLoadAttributes (546ms)
			ProcessInitializeOnLoadMethodAttributes (249ms)
			AfterProcessingInitializeOnLoad (46ms)
			EditorAssembliesLoaded (0ms)
		ExecutionOrderSort2 (0ms)
		AwakeInstancesAfterBackupRestoration (25ms)
Refreshing native plugins compatible for Editor in 53.05 ms, found 12 plugins.
Preloading 1 native plugins for Editor in 0.61 ms.
Unloading 5796 Unused Serialized files (Serialized files now loaded: 0)
Unloading 81 unused Assets / (0.6 MB). Loaded Objects now: 6482.
Memory consumption went from 201.6 MB to 201.1 MB.
Total: 5.406600 ms (FindLiveObjects: 0.998600 ms CreateObjectMapping: 0.455600 ms MarkObjects: 3.776000 ms  DeleteObjects: 0.175200 ms)

Prepare: number of updated asset objects reloaded= 0
AssetImportParameters requested are different than current active one (requested -> active):
  custom:container-demuxer-ogg: 62fdf1f143b41e24485cea50d1cbac27 -> 
  custom:video-codec-MediaFoundation-h265: 746d11721c4dcdbdad8f713fa42b33f4 -> 
  custom:video-decoder-ogg-theora: a1e56fd34408186e4bbccfd4996cb3dc -> 
  custom:framework-win-MediaFoundation: 216162199b28c13a410421893ffa2e32 -> 
  custom:CustomObjectIndexerAttribute: 72b91833f83ae208fae7752999fa3104 -> 
  custom:container-demuxer-webm: 4f35f7cbe854078d1ac9338744f61a02 -> 
  custom:container-muxer-webm: aa71ff27fc2769a1b78a27578f13a17b -> 
  custom:video-decoder-webm-vp8: 9c59270c3fd7afecdb556c50c9e8de78 -> 
  custom:SearchIndexIgnoredProperties: e643bd26f0fe6173181afceb89e7c659 -> 
  custom:AudioImporter_EditorPlatform: d09bf68614088b80899f8185d706f6e7 -> 
  custom:video-encoder-webm-vp8: eb34c28f22e8b96e1ab97ce403110664 -> 
  custom:audio-decoder-ogg-vorbis: bf7c407c2cedff20999df2af8eb42d56 -> 
  custom:audio-encoder-webm-vorbis: bf7c407c2cedff20999df2af8eb42d56 -> 
